0 verbose cli D:\node.exe D:\node_modules\npm\bin\npm-cli.js
1 info using npm@10.9.0
2 info using node@v22.12.0
3 silly config load:file:D:\node_modules\npm\npmrc
4 silly config load:file:D:\JavaScript\DishDash-main\DishDash-main\DissDash\backend\.npmrc
5 silly config load:file:C:\Users\user\.npmrc
6 silly config load:file:D:\JavaScript\DishDash-main\DishDash-main\DissDash\backend\user\npm-global\etc\npmrc
7 verbose title npm install stripe
8 verbose argv "install" "stripe"
9 verbose logfile logs-max:10 dir:D:\JavaScript\DishDash-main\DishDash-main\DissDash\backend\%USERPROFILE%\npm-cache\_logs\2025-04-20T14_37_01_934Z-
10 verbose logfile D:\JavaScript\DishDash-main\DishDash-main\DissDash\backend\%USERPROFILE%\npm-cache\_logs\2025-04-20T14_37_01_934Z-debug-0.log
11 silly logfile start cleaning logs, removing 1 files
12 silly packumentCache heap:4345298944 maxSize:1086324736 maxEntrySize:543162368
13 silly logfile done cleaning log files
14 silly idealTree buildDeps
15 silly fetch manifest stripe@*
16 silly packumentCache full:https://registry.npmjs.org/stripe cache-miss
17 http fetch GET 200 https://registry.npmjs.org/stripe 233ms (cache miss)
18 silly packumentCache full:https://registry.npmjs.org/stripe set size:undefined disposed:false
19 silly placeDep ROOT stripe@18.0.0 OK for: backend@1.0.0 want: *
20 silly reify moves {}
21 silly audit bulk request {
21 silly audit   '@clerk/backend': [ '0.38.15' ],
21 silly audit   '@clerk/shared': [ '1.4.2' ],
21 silly audit   '@clerk/types': [ '3.65.5' ],
21 silly audit   cookie: [ '0.5.0', '0.7.2' ],
21 silly audit   csstype: [ '3.1.1' ],
21 silly audit   'js-cookie': [ '3.0.1' ],
21 silly audit   'snakecase-keys': [ '5.4.4', '3.2.1' ],
21 silly audit   swr: [ '2.2.0' ],
21 silly audit   tslib: [ '2.4.1', '2.8.1' ],
21 silly audit   '@clerk/clerk-sdk-node': [ '4.13.23' ],
21 silly audit   '@mongodb-js/saslprep': [ '1.2.2' ],
21 silly audit   '@peculiar/asn1-schema': [ '2.3.15' ],
21 silly audit   '@peculiar/json-schema': [ '1.1.12' ],
21 silly audit   '@peculiar/webcrypto': [ '1.4.1' ],
21 silly audit   '@types/body-parser': [ '1.19.5' ],
21 silly audit   '@types/connect': [ '3.4.38' ],
21 silly audit   '@types/cookies': [ '0.7.7' ],
21 silly audit   '@types/express': [ '4.17.14' ],
21 silly audit   '@types/express-serve-static-core': [ '4.19.6' ],
21 silly audit   '@types/http-errors': [ '2.0.4' ],
21 silly audit   '@types/keygrip': [ '1.0.6' ],
21 silly audit   '@types/mime': [ '1.3.5' ],
21 silly audit   '@types/node': [ '16.18.6' ],
21 silly audit   '@types/node-fetch': [ '2.6.2' ],
21 silly audit   '@types/qs': [ '6.9.18' ],
21 silly audit   '@types/range-parser': [ '1.2.7' ],
21 silly audit   '@types/send': [ '0.17.4' ],
21 silly audit   '@types/serve-static': [ '1.15.7' ],
21 silly audit   '@types/webidl-conversions': [ '7.0.3' ],
21 silly audit   '@types/whatwg-url': [ '11.0.5' ],
21 silly audit   accepts: [ '2.0.0' ],
21 silly audit   asn1js: [ '3.0.6' ],
21 silly audit   asynckit: [ '0.4.0' ],
21 silly audit   bcryptjs: [ '3.0.2' ],
21 silly audit   'body-parser': [ '2.2.0' ],
21 silly audit   bson: [ '6.10.3' ],
21 silly audit   'buffer-equal-constant-time': [ '1.0.1' ],
21 silly audit   bytes: [ '3.1.2' ],
21 silly audit   'call-bind-apply-helpers': [ '1.0.2' ],
21 silly audit   'call-bound': [ '1.0.4' ],
21 silly audit   camelcase: [ '5.3.1' ],
21 silly audit   'camelcase-keys': [ '6.2.2' ],
21 silly audit   'combined-stream': [ '1.0.8' ],
21 silly audit   'content-disposition': [ '1.0.0' ],
21 silly audit   'content-type': [ '1.0.5' ],
21 silly audit   'cookie-signature': [ '1.2.2' ],
21 silly audit   cors: [ '2.8.5' ],
21 silly audit   debug: [ '4.4.0' ],
21 silly audit   deepmerge: [ '4.2.2' ],
21 silly audit   'delayed-stream': [ '1.0.0' ],
21 silly audit   depd: [ '2.0.0' ],
21 silly audit   'dot-case': [ '3.0.4' ],
21 silly audit   dotenv: [ '16.5.0' ],
21 silly audit   'dunder-proto': [ '1.0.1' ],
21 silly audit   'ecdsa-sig-formatter': [ '1.0.11' ],
21 silly audit   'ee-first': [ '1.1.1' ],
21 silly audit   encodeurl: [ '2.0.0' ],
21 silly audit   'es-define-property': [ '1.0.1' ],
21 silly audit   'es-errors': [ '1.3.0' ],
21 silly audit   'es-object-atoms': [ '1.1.1' ],
21 silly audit   'es-set-tostringtag': [ '2.1.0' ],
21 silly audit   'escape-html': [ '1.0.3' ],
21 silly audit   etag: [ '1.8.1' ],
21 silly audit   express: [ '5.1.0' ],
21 silly audit   finalhandler: [ '2.1.0' ],
21 silly audit   'form-data': [ '3.0.3' ],
21 silly audit   'mime-db': [ '1.52.0', '1.54.0' ],
21 silly audit   'mime-types': [ '2.1.35', '3.0.1' ],
21 silly audit   forwarded: [ '0.2.0' ],
21 silly audit   fresh: [ '2.0.0' ],
21 silly audit   'function-bind': [ '1.1.2' ],
21 silly audit   'get-intrinsic': [ '1.3.0' ],
21 silly audit   'get-proto': [ '1.0.1' ],
21 silly audit   'glob-to-regexp': [ '0.4.1' ],
21 silly audit   gopd: [ '1.2.0' ],
21 silly audit   'has-symbols': [ '1.1.0' ],
21 silly audit   'has-tostringtag': [ '1.0.2' ],
21 silly audit   hasown: [ '2.0.2' ],
21 silly audit   'http-errors': [ '2.0.0' ],
21 silly audit   'iconv-lite': [ '0.6.3' ],
21 silly audit   inherits: [ '2.0.4' ],
21 silly audit   'ipaddr.js': [ '1.9.1' ],
21 silly audit   'is-promise': [ '4.0.0' ],
21 silly audit   jsonwebtoken: [ '9.0.2' ],
21 silly audit   jwa: [ '1.4.1' ],
21 silly audit   jws: [ '3.2.2' ],
21 silly audit   kareem: [ '2.6.3' ],
21 silly audit   'lodash.includes': [ '4.3.0' ],
21 silly audit   'lodash.isboolean': [ '3.0.3' ],
21 silly audit   'lodash.isinteger': [ '4.0.4' ],
21 silly audit   'lodash.isnumber': [ '3.0.3' ],
21 silly audit   'lodash.isplainobject': [ '4.0.6' ],
21 silly audit   'lodash.isstring': [ '4.0.1' ],
21 silly audit   'lodash.once': [ '4.1.1' ],
21 silly audit   'lower-case': [ '2.0.2' ],
21 silly audit   'map-obj': [ '4.3.0' ],
21 silly audit   'math-intrinsics': [ '1.1.0' ],
21 silly audit   'media-typer': [ '1.1.0' ],
21 silly audit   'memory-pager': [ '1.5.0' ],
21 silly audit   'merge-descriptors': [ '2.0.0' ],
21 silly audit   mongodb: [ '6.15.0' ],
21 silly audit   'mongodb-connection-string-url': [ '3.0.2' ],
21 silly audit   mongoose: [ '8.13.2' ],
21 silly audit   mpath: [ '0.9.0' ],
21 silly audit   mquery: [ '5.0.0' ],
21 silly audit   ms: [ '2.1.3' ],
21 silly audit   negotiator: [ '1.0.0' ],
21 silly audit   'no-case': [ '3.0.4' ],
21 silly audit   'node-fetch-native': [ '1.0.1' ],
21 silly audit   'object-assign': [ '4.1.1' ],
21 silly audit   'object-inspect': [ '1.13.4' ],
21 silly audit   'on-finished': [ '2.4.1' ],
21 silly audit   once: [ '1.4.0' ],
21 silly audit   parseurl: [ '1.3.3' ],
21 silly audit   'path-to-regexp': [ '8.2.0' ],
21 silly audit   'proxy-addr': [ '2.0.7' ],
21 silly audit   punycode: [ '2.3.1' ],
21 silly audit   pvtsutils: [ '1.3.6' ],
21 silly audit   pvutils: [ '1.1.3' ],
21 silly audit   qs: [ '6.14.0' ],
21 silly audit   'quick-lru': [ '4.0.1' ],
21 silly audit   'range-parser': [ '1.2.1' ],
21 silly audit   'raw-body': [ '3.0.0' ],
21 silly audit   router: [ '2.2.0' ],
21 silly audit   'safe-buffer': [ '5.2.1' ],
21 silly audit   'safer-buffer': [ '2.1.2' ],
21 silly audit   semver: [ '7.7.1' ],
21 silly audit   send: [ '1.2.0' ],
21 silly audit   'serve-static': [ '2.2.0' ],
21 silly audit   setprototypeof: [ '1.2.0' ],
21 silly audit   'side-channel': [ '1.1.0' ],
21 silly audit   'side-channel-list': [ '1.0.0' ],
21 silly audit   'side-channel-map': [ '1.0.1' ],
21 silly audit   'side-channel-weakmap': [ '1.0.2' ],
21 silly audit   sift: [ '17.1.3' ],
21 silly audit   'snake-case': [ '3.0.4' ],
21 silly audit   'sparse-bitfield': [ '3.0.3' ],
21 silly audit   statuses: [ '2.0.1' ],
21 silly audit   'to-no-case': [ '1.0.2' ],
21 silly audit   'to-snake-case': [ '1.0.0' ],
21 silly audit   'to-space-case': [ '1.0.0' ],
21 silly audit   toidentifier: [ '1.0.1' ],
21 silly audit   tr46: [ '5.1.1' ],
21 silly audit   'type-fest': [ '2.19.0' ],
21 silly audit   'type-is': [ '2.0.1' ],
21 silly audit   unpipe: [ '1.0.0' ],
21 silly audit   'use-sync-external-store': [ '1.5.0' ],
21 silly audit   vary: [ '1.1.2' ],
21 silly audit   'webcrypto-core': [ '1.8.1' ],
21 silly audit   'webidl-conversions': [ '7.0.0' ],
21 silly audit   'whatwg-url': [ '14.2.0' ],
21 silly audit   wrappy: [ '1.0.2' ],
21 silly audit   stripe: [ '18.0.0' ]
21 silly audit }
22 silly tarball no local data for stripe@https://registry.npmjs.org/stripe/-/stripe-18.0.0.tgz. Extracting by manifest.
23 http fetch POST 200 https://registry.npmjs.org/-/npm/v1/security/advisories/bulk 337ms
24 silly audit report {
24 silly audit report   cookie: [
24 silly audit report     {
24 silly audit report       id: 1103907,
24 silly audit report       url: 'https://github.com/advisories/GHSA-pxg6-pf52-xh8x',
24 silly audit report       title: 'cookie accepts cookie name, path, and domain with out of bounds characters',
24 silly audit report       severity: 'low',
24 silly audit report       vulnerable_versions: '<0.7.0',
24 silly audit report       cwe: [Array],
24 silly audit report       cvss: [Object]
24 silly audit report     }
24 silly audit report   ]
24 silly audit report }
25 silly packumentCache corgi:https://registry.npmjs.org/cookie cache-miss
26 http fetch GET 200 https://registry.npmjs.org/cookie 60ms (cache updated)
27 silly packumentCache corgi:https://registry.npmjs.org/cookie set size:undefined disposed:false
28 silly packumentCache corgi:https://registry.npmjs.org/@clerk%2fbackend cache-miss
29 http fetch GET 200 https://registry.npmjs.org/@clerk%2fbackend 173ms (cache updated)
30 silly packumentCache corgi:https://registry.npmjs.org/@clerk%2fbackend set size:undefined disposed:false
31 silly packumentCache corgi:https://registry.npmjs.org/@clerk%2fclerk-sdk-node cache-miss
32 http fetch GET 200 https://registry.npmjs.org/stripe/-/stripe-18.0.0.tgz 956ms (cache miss)
33 http fetch GET 200 https://registry.npmjs.org/@clerk%2fclerk-sdk-node 2233ms (cache updated)
34 silly packumentCache corgi:https://registry.npmjs.org/@clerk%2fclerk-sdk-node set size:undefined disposed:false
35 silly ADD node_modules/stripe
36 verbose cwd D:\JavaScript\DishDash-main\DishDash-main\DissDash\backend
37 verbose os Windows_NT 10.0.22631
38 verbose node v22.12.0
39 verbose npm  v10.9.0
40 verbose exit 0
41 info ok
