0 verbose cli D:\node.exe D:\node_modules\npm\bin\npm-cli.js
1 info using npm@10.9.0
2 info using node@v22.12.0
3 silly config load:file:D:\node_modules\npm\npmrc
4 silly config load:file:D:\JavaScript\DishDash-main\DishDash-main\DissDash\backend\.npmrc
5 silly config load:file:C:\Users\user\.npmrc
6 silly config load:file:D:\JavaScript\DishDash-main\DishDash-main\DissDash\backend\user\npm-global\etc\npmrc
7 verbose title npm install @clerk/clerk-react
8 verbose argv "install" "@clerk/clerk-react"
9 verbose logfile logs-max:10 dir:D:\JavaScript\DishDash-main\DishDash-main\DissDash\backend\%USERPROFILE%\npm-cache\_logs\2025-04-19T13_16_26_739Z-
10 verbose logfile D:\JavaScript\DishDash-main\DishDash-main\DissDash\backend\%USERPROFILE%\npm-cache\_logs\2025-04-19T13_16_26_739Z-debug-0.log
11 silly logfile start cleaning logs, removing 1 files
12 silly packumentCache heap:4345298944 maxSize:1086324736 maxEntrySize:543162368
13 silly logfile done cleaning log files
14 silly idealTree buildDeps
15 silly fetch manifest @clerk/clerk-react@*
16 silly packumentCache full:https://registry.npmjs.org/@clerk%2fclerk-react cache-miss
17 http fetch GET 200 https://registry.npmjs.org/@clerk%2fclerk-react 578ms (cache miss)
18 silly packumentCache full:https://registry.npmjs.org/@clerk%2fclerk-react set size:undefined disposed:false
19 silly placeDep ROOT @clerk/clerk-react@5.28.2 OK for: backend@1.0.0 want: *
20 silly fetch manifest tslib@2.8.1
21 silly packumentCache full:https://registry.npmjs.org/tslib cache-miss
22 silly fetch manifest @clerk/types@^4.54.2
23 silly packumentCache full:https://registry.npmjs.org/@clerk%2ftypes cache-miss
24 silly fetch manifest @clerk/shared@^3.7.2
25 silly packumentCache full:https://registry.npmjs.org/@clerk%2fshared cache-miss
26 http fetch GET 200 https://registry.npmjs.org/tslib 59ms (cache miss)
27 silly packumentCache full:https://registry.npmjs.org/tslib set size:undefined disposed:false
28 http fetch GET 200 https://registry.npmjs.org/@clerk%2ftypes 721ms (cache miss)
29 silly packumentCache full:https://registry.npmjs.org/@clerk%2ftypes set size:undefined disposed:false
30 http fetch GET 200 https://registry.npmjs.org/@clerk%2fshared 816ms (cache miss)
31 silly packumentCache full:https://registry.npmjs.org/@clerk%2fshared set size:undefined disposed:false
32 silly placeDep ROOT @clerk/shared@3.7.2 OK for: @clerk/clerk-react@5.28.2 want: ^3.7.2
33 silly placeDep ROOT @clerk/types@4.54.2 OK for: @clerk/clerk-react@5.28.2 want: ^4.54.2
34 silly placeDep ROOT tslib@2.8.1 OK for: @clerk/clerk-react@5.28.2 want: 2.8.1
35 silly fetch manifest swr@^2.3.3
36 silly packumentCache full:https://registry.npmjs.org/swr cache-miss
37 silly fetch manifest dequal@2.0.3
38 silly packumentCache full:https://registry.npmjs.org/dequal cache-miss
39 silly fetch manifest std-env@^3.8.1
40 silly packumentCache full:https://registry.npmjs.org/std-env cache-miss
41 silly fetch manifest js-cookie@3.0.5
42 silly packumentCache full:https://registry.npmjs.org/js-cookie cache-miss
43 silly fetch manifest glob-to-regexp@0.4.1
44 silly packumentCache full:https://registry.npmjs.org/glob-to-regexp cache-miss
45 silly fetch manifest csstype@3.1.3
46 silly packumentCache full:https://registry.npmjs.org/csstype cache-miss
47 http fetch GET 200 https://registry.npmjs.org/dequal 72ms (cache miss)
48 silly packumentCache full:https://registry.npmjs.org/dequal set size:undefined disposed:false
49 http fetch GET 200 https://registry.npmjs.org/std-env 74ms (cache miss)
50 silly packumentCache full:https://registry.npmjs.org/std-env set size:undefined disposed:false
51 http fetch GET 200 https://registry.npmjs.org/glob-to-regexp 101ms (cache miss)
52 silly packumentCache full:https://registry.npmjs.org/glob-to-regexp set size:undefined disposed:false
53 http fetch GET 200 https://registry.npmjs.org/swr 124ms (cache miss)
54 silly packumentCache full:https://registry.npmjs.org/swr set size:undefined disposed:false
55 http fetch GET 200 https://registry.npmjs.org/js-cookie 144ms (cache miss)
56 silly packumentCache full:https://registry.npmjs.org/js-cookie set size:undefined disposed:false
57 http fetch GET 200 https://registry.npmjs.org/csstype 148ms (cache miss)
58 silly packumentCache full:https://registry.npmjs.org/csstype set size:undefined disposed:false
59 silly placeDep ROOT dequal@2.0.3 OK for: @clerk/shared@3.7.2 want: 2.0.3
60 silly placeDep ROOT glob-to-regexp@0.4.1 OK for: @clerk/shared@3.7.2 want: 0.4.1
61 silly placeDep ROOT js-cookie@3.0.5 OK for: @clerk/shared@3.7.2 want: 3.0.5
62 silly placeDep ROOT std-env@3.9.0 OK for: @clerk/shared@3.7.2 want: ^3.8.1
63 silly placeDep ROOT swr@2.3.3 OK for: @clerk/shared@3.7.2 want: ^2.3.3
64 silly fetch manifest use-sync-external-store@^1.4.0
65 silly packumentCache full:https://registry.npmjs.org/use-sync-external-store cache-miss
66 http fetch GET 200 https://registry.npmjs.org/use-sync-external-store 90ms (cache miss)
67 silly packumentCache full:https://registry.npmjs.org/use-sync-external-store set size:undefined disposed:false
68 silly placeDep ROOT csstype@3.1.3 OK for: @clerk/types@4.54.2 want: 3.1.3
69 silly placeDep ROOT use-sync-external-store@1.5.0 OK for: swr@2.3.3 want: ^1.4.0
70 silly reify moves {}
71 silly audit bulk request {
71 silly audit   '@mongodb-js/saslprep': [ '1.2.2' ],
71 silly audit   '@types/webidl-conversions': [ '7.0.3' ],
71 silly audit   '@types/whatwg-url': [ '11.0.5' ],
71 silly audit   accepts: [ '2.0.0' ],
71 silly audit   bcryptjs: [ '3.0.2' ],
71 silly audit   'body-parser': [ '2.2.0' ],
71 silly audit   bson: [ '6.10.3' ],
71 silly audit   'buffer-equal-constant-time': [ '1.0.1' ],
71 silly audit   bytes: [ '3.1.2' ],
71 silly audit   'call-bind-apply-helpers': [ '1.0.2' ],
71 silly audit   'call-bound': [ '1.0.4' ],
71 silly audit   'content-disposition': [ '1.0.0' ],
71 silly audit   'content-type': [ '1.0.5' ],
71 silly audit   cookie: [ '0.7.2' ],
71 silly audit   'cookie-signature': [ '1.2.2' ],
71 silly audit   cors: [ '2.8.5' ],
71 silly audit   debug: [ '4.4.0' ],
71 silly audit   depd: [ '2.0.0' ],
71 silly audit   dotenv: [ '16.5.0' ],
71 silly audit   'dunder-proto': [ '1.0.1' ],
71 silly audit   'ecdsa-sig-formatter': [ '1.0.11' ],
71 silly audit   'ee-first': [ '1.1.1' ],
71 silly audit   encodeurl: [ '2.0.0' ],
71 silly audit   'es-define-property': [ '1.0.1' ],
71 silly audit   'es-errors': [ '1.3.0' ],
71 silly audit   'es-object-atoms': [ '1.1.1' ],
71 silly audit   'escape-html': [ '1.0.3' ],
71 silly audit   etag: [ '1.8.1' ],
71 silly audit   express: [ '5.1.0' ],
71 silly audit   finalhandler: [ '2.1.0' ],
71 silly audit   forwarded: [ '0.2.0' ],
71 silly audit   fresh: [ '2.0.0' ],
71 silly audit   'function-bind': [ '1.1.2' ],
71 silly audit   'get-intrinsic': [ '1.3.0' ],
71 silly audit   'get-proto': [ '1.0.1' ],
71 silly audit   gopd: [ '1.2.0' ],
71 silly audit   'has-symbols': [ '1.1.0' ],
71 silly audit   hasown: [ '2.0.2' ],
71 silly audit   'http-errors': [ '2.0.0' ],
71 silly audit   'iconv-lite': [ '0.6.3' ],
71 silly audit   inherits: [ '2.0.4' ],
71 silly audit   'ipaddr.js': [ '1.9.1' ],
71 silly audit   'is-promise': [ '4.0.0' ],
71 silly audit   jsonwebtoken: [ '9.0.2' ],
71 silly audit   jwa: [ '1.4.1' ],
71 silly audit   jws: [ '3.2.2' ],
71 silly audit   kareem: [ '2.6.3' ],
71 silly audit   'lodash.includes': [ '4.3.0' ],
71 silly audit   'lodash.isboolean': [ '3.0.3' ],
71 silly audit   'lodash.isinteger': [ '4.0.4' ],
71 silly audit   'lodash.isnumber': [ '3.0.3' ],
71 silly audit   'lodash.isplainobject': [ '4.0.6' ],
71 silly audit   'lodash.isstring': [ '4.0.1' ],
71 silly audit   'lodash.once': [ '4.1.1' ],
71 silly audit   'math-intrinsics': [ '1.1.0' ],
71 silly audit   'media-typer': [ '1.1.0' ],
71 silly audit   'memory-pager': [ '1.5.0' ],
71 silly audit   'merge-descriptors': [ '2.0.0' ],
71 silly audit   'mime-db': [ '1.54.0' ],
71 silly audit   'mime-types': [ '3.0.1' ],
71 silly audit   mongodb: [ '6.15.0' ],
71 silly audit   'mongodb-connection-string-url': [ '3.0.2' ],
71 silly audit   mongoose: [ '8.13.2' ],
71 silly audit   mpath: [ '0.9.0' ],
71 silly audit   mquery: [ '5.0.0' ],
71 silly audit   ms: [ '2.1.3' ],
71 silly audit   negotiator: [ '1.0.0' ],
71 silly audit   'object-assign': [ '4.1.1' ],
71 silly audit   'object-inspect': [ '1.13.4' ],
71 silly audit   'on-finished': [ '2.4.1' ],
71 silly audit   once: [ '1.4.0' ],
71 silly audit   parseurl: [ '1.3.3' ],
71 silly audit   'path-to-regexp': [ '8.2.0' ],
71 silly audit   'proxy-addr': [ '2.0.7' ],
71 silly audit   punycode: [ '2.3.1' ],
71 silly audit   qs: [ '6.14.0' ],
71 silly audit   'range-parser': [ '1.2.1' ],
71 silly audit   'raw-body': [ '3.0.0' ],
71 silly audit   router: [ '2.2.0' ],
71 silly audit   'safe-buffer': [ '5.2.1' ],
71 silly audit   'safer-buffer': [ '2.1.2' ],
71 silly audit   semver: [ '7.7.1' ],
71 silly audit   send: [ '1.2.0' ],
71 silly audit   'serve-static': [ '2.2.0' ],
71 silly audit   setprototypeof: [ '1.2.0' ],
71 silly audit   'side-channel': [ '1.1.0' ],
71 silly audit   'side-channel-list': [ '1.0.0' ],
71 silly audit   'side-channel-map': [ '1.0.1' ],
71 silly audit   'side-channel-weakmap': [ '1.0.2' ],
71 silly audit   sift: [ '17.1.3' ],
71 silly audit   'sparse-bitfield': [ '3.0.3' ],
71 silly audit   statuses: [ '2.0.1' ],
71 silly audit   toidentifier: [ '1.0.1' ],
71 silly audit   tr46: [ '5.1.1' ],
71 silly audit   'type-is': [ '2.0.1' ],
71 silly audit   unpipe: [ '1.0.0' ],
71 silly audit   vary: [ '1.1.2' ],
71 silly audit   'webidl-conversions': [ '7.0.0' ],
71 silly audit   'whatwg-url': [ '14.2.0' ],
71 silly audit   wrappy: [ '1.0.2' ],
71 silly audit   '@clerk/clerk-react': [ '5.28.2' ],
71 silly audit   '@clerk/shared': [ '3.7.2' ],
71 silly audit   '@clerk/types': [ '4.54.2' ],
71 silly audit   tslib: [ '2.8.1' ],
71 silly audit   dequal: [ '2.0.3' ],
71 silly audit   'glob-to-regexp': [ '0.4.1' ],
71 silly audit   'js-cookie': [ '3.0.5' ],
71 silly audit   'std-env': [ '3.9.0' ],
71 silly audit   swr: [ '2.3.3' ],
71 silly audit   csstype: [ '3.1.3' ],
71 silly audit   'use-sync-external-store': [ '1.5.0' ]
71 silly audit }
72 silly tarball no local data for use-sync-external-store@https://registry.npmjs.org/use-sync-external-store/-/use-sync-external-store-1.5.0.tgz. Extracting by manifest.
73 silly tarball no local data for csstype@https://registry.npmjs.org/csstype/-/csstype-3.1.3.tgz. Extracting by manifest.
74 silly tarball no local data for swr@https://registry.npmjs.org/swr/-/swr-2.3.3.tgz. Extracting by manifest.
75 silly tarball no local data for glob-to-regexp@https://registry.npmjs.org/glob-to-regexp/-/glob-to-regexp-0.4.1.tgz. Extracting by manifest.
76 silly tarball no local data for js-cookie@https://registry.npmjs.org/js-cookie/-/js-cookie-3.0.5.tgz. Extracting by manifest.
77 silly tarball no local data for std-env@https://registry.npmjs.org/std-env/-/std-env-3.9.0.tgz. Extracting by manifest.
78 silly tarball no local data for dequal@https://registry.npmjs.org/dequal/-/dequal-2.0.3.tgz. Extracting by manifest.
79 silly tarball no local data for tslib@https://registry.npmjs.org/tslib/-/tslib-2.8.1.tgz. Extracting by manifest.
80 silly tarball no local data for @clerk/types@https://registry.npmjs.org/@clerk/types/-/types-4.54.2.tgz. Extracting by manifest.
81 silly tarball no local data for @clerk/shared@https://registry.npmjs.org/@clerk/shared/-/shared-3.7.2.tgz. Extracting by manifest.
82 silly tarball no local data for @clerk/clerk-react@https://registry.npmjs.org/@clerk/clerk-react/-/clerk-react-5.28.2.tgz. Extracting by manifest.
83 http fetch GET 200 https://registry.npmjs.org/use-sync-external-store/-/use-sync-external-store-1.5.0.tgz 101ms (cache miss)
84 http fetch GET 200 https://registry.npmjs.org/js-cookie/-/js-cookie-3.0.5.tgz 101ms (cache miss)
85 http fetch GET 200 https://registry.npmjs.org/glob-to-regexp/-/glob-to-regexp-0.4.1.tgz 127ms (cache miss)
86 http fetch GET 200 https://registry.npmjs.org/std-env/-/std-env-3.9.0.tgz 168ms (cache miss)
87 http fetch GET 200 https://registry.npmjs.org/dequal/-/dequal-2.0.3.tgz 189ms (cache miss)
88 http fetch GET 200 https://registry.npmjs.org/tslib/-/tslib-2.8.1.tgz 219ms (cache miss)
89 http fetch GET 200 https://registry.npmjs.org/csstype/-/csstype-3.1.3.tgz 240ms (cache miss)
90 http fetch GET 200 https://registry.npmjs.org/@clerk/types/-/types-4.54.2.tgz 252ms (cache miss)
91 http fetch GET 200 https://registry.npmjs.org/swr/-/swr-2.3.3.tgz 295ms (cache miss)
92 http fetch POST 200 https://registry.npmjs.org/-/npm/v1/security/advisories/bulk 365ms
93 silly audit report {}
94 http fetch GET 200 https://registry.npmjs.org/@clerk/clerk-react/-/clerk-react-5.28.2.tgz 387ms (cache miss)
95 http fetch GET 200 https://registry.npmjs.org/@clerk/shared/-/shared-3.7.2.tgz 706ms (cache miss)
96 info run @clerk/shared@3.7.2 postinstall node_modules/@clerk/shared node ./scripts/postinstall.mjs
97 info run @clerk/shared@3.7.2 postinstall { code: 0, signal: null }
98 silly ADD node_modules/use-sync-external-store
99 silly ADD node_modules/csstype
100 silly ADD node_modules/swr
101 silly ADD node_modules/std-env
102 silly ADD node_modules/js-cookie
103 silly ADD node_modules/glob-to-regexp
104 silly ADD node_modules/dequal
105 silly ADD node_modules/tslib
106 silly ADD node_modules/@clerk/types
107 silly ADD node_modules/@clerk/shared
108 silly ADD node_modules/@clerk/clerk-react
109 verbose cwd D:\JavaScript\DishDash-main\DishDash-main\DissDash\backend
110 verbose os Windows_NT 10.0.22631
111 verbose node v22.12.0
112 verbose npm  v10.9.0
113 verbose exit 0
114 info ok
