0 verbose cli D:\node.exe D:\node_modules\npm\bin\npm-cli.js
1 info using npm@10.9.0
2 info using node@v22.12.0
3 silly config load:file:D:\node_modules\npm\npmrc
4 silly config load:file:D:\JavaScript\DishDash-main\DishDash-main\DissDash\backend\.npmrc
5 silly config load:file:C:\Users\user\.npmrc
6 silly config load:file:D:\JavaScript\DishDash-main\DishDash-main\DissDash\backend\user\npm-global\etc\npmrc
7 verbose title npm install cors
8 verbose argv "install" "cors"
9 verbose logfile logs-max:10 dir:D:\JavaScript\DishDash-main\DishDash-main\DissDash\backend\%USERPROFILE%\npm-cache\_logs\2025-04-19T10_49_09_855Z-
10 verbose logfile D:\JavaScript\DishDash-main\DishDash-main\DissDash\backend\%USERPROFILE%\npm-cache\_logs\2025-04-19T10_49_09_855Z-debug-0.log
11 silly logfile done cleaning log files
12 silly packumentCache heap:4345298944 maxSize:1086324736 maxEntrySize:543162368
13 silly idealTree buildDeps
14 silly fetch manifest cors@*
15 silly packumentCache full:https://registry.npmjs.org/cors cache-miss
16 http fetch GET 200 https://registry.npmjs.org/cors 217ms (cache miss)
17 silly packumentCache full:https://registry.npmjs.org/cors set size:undefined disposed:false
18 silly placeDep ROOT cors@2.8.5 OK for: backend@1.0.0 want: *
19 silly reify mark retired [
19 silly reify   'D:\\JavaScript\\DishDash-main\\DishDash-main\\DissDash\\backend\\node_modules\\@mapbox\\node-pre-gyp',
19 silly reify   'D:\\JavaScript\\DishDash-main\\DishDash-main\\DissDash\\backend\\node_modules\\.bin\\node-pre-gyp',
19 silly reify   'D:\\JavaScript\\DishDash-main\\DishDash-main\\DissDash\\backend\\node_modules\\.bin\\node-pre-gyp.cmd',
19 silly reify   'D:\\JavaScript\\DishDash-main\\DishDash-main\\DissDash\\backend\\node_modules\\.bin\\node-pre-gyp.ps1'
19 silly reify ]
20 silly reify mark retired [
20 silly reify   'D:\\JavaScript\\DishDash-main\\DishDash-main\\DissDash\\backend\\node_modules\\abbrev'
20 silly reify ]
21 silly reify mark retired [
21 silly reify   'D:\\JavaScript\\DishDash-main\\DishDash-main\\DissDash\\backend\\node_modules\\agent-base'
21 silly reify ]
22 silly reify mark retired [
22 silly reify   'D:\\JavaScript\\DishDash-main\\DishDash-main\\DissDash\\backend\\node_modules\\ansi-regex'
22 silly reify ]
23 silly reify mark retired [
23 silly reify   'D:\\JavaScript\\DishDash-main\\DishDash-main\\DissDash\\backend\\node_modules\\aproba'
23 silly reify ]
24 silly reify mark retired [
24 silly reify   'D:\\JavaScript\\DishDash-main\\DishDash-main\\DissDash\\backend\\node_modules\\are-we-there-yet'
24 silly reify ]
25 silly reify mark retired [
25 silly reify   'D:\\JavaScript\\DishDash-main\\DishDash-main\\DissDash\\backend\\node_modules\\balanced-match'
25 silly reify ]
26 silly reify mark retired [
26 silly reify   'D:\\JavaScript\\DishDash-main\\DishDash-main\\DissDash\\backend\\node_modules\\bcrypt'
26 silly reify ]
27 silly reify mark retired [
27 silly reify   'D:\\JavaScript\\DishDash-main\\DishDash-main\\DissDash\\backend\\node_modules\\brace-expansion'
27 silly reify ]
28 silly reify mark retired [
28 silly reify   'D:\\JavaScript\\DishDash-main\\DishDash-main\\DissDash\\backend\\node_modules\\chownr'
28 silly reify ]
29 silly reify mark retired [
29 silly reify   'D:\\JavaScript\\DishDash-main\\DishDash-main\\DissDash\\backend\\node_modules\\color-support',
29 silly reify   'D:\\JavaScript\\DishDash-main\\DishDash-main\\DissDash\\backend\\node_modules\\.bin\\color-support',
29 silly reify   'D:\\JavaScript\\DishDash-main\\DishDash-main\\DissDash\\backend\\node_modules\\.bin\\color-support.cmd',
29 silly reify   'D:\\JavaScript\\DishDash-main\\DishDash-main\\DissDash\\backend\\node_modules\\.bin\\color-support.ps1'
29 silly reify ]
30 silly reify mark retired [
30 silly reify   'D:\\JavaScript\\DishDash-main\\DishDash-main\\DissDash\\backend\\node_modules\\concat-map'
30 silly reify ]
31 silly reify mark retired [
31 silly reify   'D:\\JavaScript\\DishDash-main\\DishDash-main\\DissDash\\backend\\node_modules\\console-control-strings'
31 silly reify ]
32 silly reify mark retired [
32 silly reify   'D:\\JavaScript\\DishDash-main\\DishDash-main\\DissDash\\backend\\node_modules\\delegates'
32 silly reify ]
33 silly reify mark retired [
33 silly reify   'D:\\JavaScript\\DishDash-main\\DishDash-main\\DissDash\\backend\\node_modules\\detect-libc'
33 silly reify ]
34 silly reify mark retired [
34 silly reify   'D:\\JavaScript\\DishDash-main\\DishDash-main\\DissDash\\backend\\node_modules\\emoji-regex'
34 silly reify ]
35 silly reify mark retired [
35 silly reify   'D:\\JavaScript\\DishDash-main\\DishDash-main\\DissDash\\backend\\node_modules\\fs-minipass'
35 silly reify ]
36 silly reify mark retired [
36 silly reify   'D:\\JavaScript\\DishDash-main\\DishDash-main\\DissDash\\backend\\node_modules\\fs.realpath'
36 silly reify ]
37 silly reify mark retired [
37 silly reify   'D:\\JavaScript\\DishDash-main\\DishDash-main\\DissDash\\backend\\node_modules\\gauge'
37 silly reify ]
38 silly reify mark retired [
38 silly reify   'D:\\JavaScript\\DishDash-main\\DishDash-main\\DissDash\\backend\\node_modules\\glob'
38 silly reify ]
39 silly reify mark retired [
39 silly reify   'D:\\JavaScript\\DishDash-main\\DishDash-main\\DissDash\\backend\\node_modules\\has-unicode'
39 silly reify ]
40 silly reify mark retired [
40 silly reify   'D:\\JavaScript\\DishDash-main\\DishDash-main\\DissDash\\backend\\node_modules\\https-proxy-agent'
40 silly reify ]
41 silly reify mark retired [
41 silly reify   'D:\\JavaScript\\DishDash-main\\DishDash-main\\DissDash\\backend\\node_modules\\inflight'
41 silly reify ]
42 silly reify mark retired [
42 silly reify   'D:\\JavaScript\\DishDash-main\\DishDash-main\\DissDash\\backend\\node_modules\\is-fullwidth-code-point'
42 silly reify ]
43 silly reify mark retired [
43 silly reify   'D:\\JavaScript\\DishDash-main\\DishDash-main\\DissDash\\backend\\node_modules\\make-dir'
43 silly reify ]
44 silly reify mark retired [
44 silly reify   'D:\\JavaScript\\DishDash-main\\DishDash-main\\DissDash\\backend\\node_modules\\minimatch'
44 silly reify ]
45 silly reify mark retired [
45 silly reify   'D:\\JavaScript\\DishDash-main\\DishDash-main\\DissDash\\backend\\node_modules\\minipass'
45 silly reify ]
46 silly reify mark retired [
46 silly reify   'D:\\JavaScript\\DishDash-main\\DishDash-main\\DissDash\\backend\\node_modules\\minizlib'
46 silly reify ]
47 silly reify mark retired [
47 silly reify   'D:\\JavaScript\\DishDash-main\\DishDash-main\\DissDash\\backend\\node_modules\\mkdirp',
47 silly reify   'D:\\JavaScript\\DishDash-main\\DishDash-main\\DissDash\\backend\\node_modules\\.bin\\mkdirp',
47 silly reify   'D:\\JavaScript\\DishDash-main\\DishDash-main\\DissDash\\backend\\node_modules\\.bin\\mkdirp.cmd',
47 silly reify   'D:\\JavaScript\\DishDash-main\\DishDash-main\\DissDash\\backend\\node_modules\\.bin\\mkdirp.ps1'
47 silly reify ]
48 silly reify mark retired [
48 silly reify   'D:\\JavaScript\\DishDash-main\\DishDash-main\\DissDash\\backend\\node_modules\\node-addon-api'
48 silly reify ]
49 silly reify mark retired [
49 silly reify   'D:\\JavaScript\\DishDash-main\\DishDash-main\\DissDash\\backend\\node_modules\\node-fetch'
49 silly reify ]
50 silly reify mark retired [
50 silly reify   'D:\\JavaScript\\DishDash-main\\DishDash-main\\DissDash\\backend\\node_modules\\nopt',
50 silly reify   'D:\\JavaScript\\DishDash-main\\DishDash-main\\DissDash\\backend\\node_modules\\.bin\\nopt',
50 silly reify   'D:\\JavaScript\\DishDash-main\\DishDash-main\\DissDash\\backend\\node_modules\\.bin\\nopt.cmd',
50 silly reify   'D:\\JavaScript\\DishDash-main\\DishDash-main\\DissDash\\backend\\node_modules\\.bin\\nopt.ps1'
50 silly reify ]
51 silly reify mark retired [
51 silly reify   'D:\\JavaScript\\DishDash-main\\DishDash-main\\DissDash\\backend\\node_modules\\npmlog'
51 silly reify ]
52 silly reify mark retired [
52 silly reify   'D:\\JavaScript\\DishDash-main\\DishDash-main\\DissDash\\backend\\node_modules\\path-is-absolute'
52 silly reify ]
53 silly reify mark retired [
53 silly reify   'D:\\JavaScript\\DishDash-main\\DishDash-main\\DissDash\\backend\\node_modules\\readable-stream'
53 silly reify ]
54 silly reify mark retired [
54 silly reify   'D:\\JavaScript\\DishDash-main\\DishDash-main\\DissDash\\backend\\node_modules\\rimraf',
54 silly reify   'D:\\JavaScript\\DishDash-main\\DishDash-main\\DissDash\\backend\\node_modules\\.bin\\rimraf',
54 silly reify   'D:\\JavaScript\\DishDash-main\\DishDash-main\\DissDash\\backend\\node_modules\\.bin\\rimraf.cmd',
54 silly reify   'D:\\JavaScript\\DishDash-main\\DishDash-main\\DissDash\\backend\\node_modules\\.bin\\rimraf.ps1'
54 silly reify ]
55 silly reify mark retired [
55 silly reify   'D:\\JavaScript\\DishDash-main\\DishDash-main\\DissDash\\backend\\node_modules\\set-blocking'
55 silly reify ]
56 silly reify mark retired [
56 silly reify   'D:\\JavaScript\\DishDash-main\\DishDash-main\\DissDash\\backend\\node_modules\\signal-exit'
56 silly reify ]
57 silly reify mark retired [
57 silly reify   'D:\\JavaScript\\DishDash-main\\DishDash-main\\DissDash\\backend\\node_modules\\string_decoder'
57 silly reify ]
58 silly reify mark retired [
58 silly reify   'D:\\JavaScript\\DishDash-main\\DishDash-main\\DissDash\\backend\\node_modules\\string-width'
58 silly reify ]
59 silly reify mark retired [
59 silly reify   'D:\\JavaScript\\DishDash-main\\DishDash-main\\DissDash\\backend\\node_modules\\strip-ansi'
59 silly reify ]
60 silly reify mark retired [
60 silly reify   'D:\\JavaScript\\DishDash-main\\DishDash-main\\DissDash\\backend\\node_modules\\tar'
60 silly reify ]
61 silly reify mark retired [
61 silly reify   'D:\\JavaScript\\DishDash-main\\DishDash-main\\DissDash\\backend\\node_modules\\util-deprecate'
61 silly reify ]
62 silly reify mark retired [
62 silly reify   'D:\\JavaScript\\DishDash-main\\DishDash-main\\DissDash\\backend\\node_modules\\wide-align'
62 silly reify ]
63 silly reify mark retired [
63 silly reify   'D:\\JavaScript\\DishDash-main\\DishDash-main\\DissDash\\backend\\node_modules\\yallist'
63 silly reify ]
64 silly reify moves {
64 silly reify   'D:\\JavaScript\\DishDash-main\\DishDash-main\\DissDash\\backend\\node_modules\\@mapbox\\node-pre-gyp': 'D:\\JavaScript\\DishDash-main\\DishDash-main\\DissDash\\backend\\node_modules\\@mapbox\\.node-pre-gyp-dEF50Ybb',
64 silly reify   'D:\\JavaScript\\DishDash-main\\DishDash-main\\DissDash\\backend\\node_modules\\.bin\\node-pre-gyp': 'D:\\JavaScript\\DishDash-main\\DishDash-main\\DissDash\\backend\\node_modules\\.bin\\.node-pre-gyp-8OIlej8K',
64 silly reify   'D:\\JavaScript\\DishDash-main\\DishDash-main\\DissDash\\backend\\node_modules\\.bin\\node-pre-gyp.cmd': 'D:\\JavaScript\\DishDash-main\\DishDash-main\\DissDash\\backend\\node_modules\\.bin\\.node-pre-gyp.cmd-NFhqH3GD',
64 silly reify   'D:\\JavaScript\\DishDash-main\\DishDash-main\\DissDash\\backend\\node_modules\\.bin\\node-pre-gyp.ps1': 'D:\\JavaScript\\DishDash-main\\DishDash-main\\DissDash\\backend\\node_modules\\.bin\\.node-pre-gyp.ps1-9XMgtRGo',
64 silly reify   'D:\\JavaScript\\DishDash-main\\DishDash-main\\DissDash\\backend\\node_modules\\abbrev': 'D:\\JavaScript\\DishDash-main\\DishDash-main\\DissDash\\backend\\node_modules\\.abbrev-9Eb1QuCB',
64 silly reify   'D:\\JavaScript\\DishDash-main\\DishDash-main\\DissDash\\backend\\node_modules\\agent-base': 'D:\\JavaScript\\DishDash-main\\DishDash-main\\DissDash\\backend\\node_modules\\.agent-base-8dYt6ZGK',
64 silly reify   'D:\\JavaScript\\DishDash-main\\DishDash-main\\DissDash\\backend\\node_modules\\ansi-regex': 'D:\\JavaScript\\DishDash-main\\DishDash-main\\DissDash\\backend\\node_modules\\.ansi-regex-WScpg5e1',
64 silly reify   'D:\\JavaScript\\DishDash-main\\DishDash-main\\DissDash\\backend\\node_modules\\aproba': 'D:\\JavaScript\\DishDash-main\\DishDash-main\\DissDash\\backend\\node_modules\\.aproba-orOIQ1CL',
64 silly reify   'D:\\JavaScript\\DishDash-main\\DishDash-main\\DissDash\\backend\\node_modules\\are-we-there-yet': 'D:\\JavaScript\\DishDash-main\\DishDash-main\\DissDash\\backend\\node_modules\\.are-we-there-yet-ihSFzWAW',
64 silly reify   'D:\\JavaScript\\DishDash-main\\DishDash-main\\DissDash\\backend\\node_modules\\balanced-match': 'D:\\JavaScript\\DishDash-main\\DishDash-main\\DissDash\\backend\\node_modules\\.balanced-match-6XuRrfTo',
64 silly reify   'D:\\JavaScript\\DishDash-main\\DishDash-main\\DissDash\\backend\\node_modules\\bcrypt': 'D:\\JavaScript\\DishDash-main\\DishDash-main\\DissDash\\backend\\node_modules\\.bcrypt-NfwHEqcb',
64 silly reify   'D:\\JavaScript\\DishDash-main\\DishDash-main\\DissDash\\backend\\node_modules\\brace-expansion': 'D:\\JavaScript\\DishDash-main\\DishDash-main\\DissDash\\backend\\node_modules\\.brace-expansion-pewmeyux',
64 silly reify   'D:\\JavaScript\\DishDash-main\\DishDash-main\\DissDash\\backend\\node_modules\\chownr': 'D:\\JavaScript\\DishDash-main\\DishDash-main\\DissDash\\backend\\node_modules\\.chownr-7sFWqEGw',
64 silly reify   'D:\\JavaScript\\DishDash-main\\DishDash-main\\DissDash\\backend\\node_modules\\color-support': 'D:\\JavaScript\\DishDash-main\\DishDash-main\\DissDash\\backend\\node_modules\\.color-support-5FqPLCyd',
64 silly reify   'D:\\JavaScript\\DishDash-main\\DishDash-main\\DissDash\\backend\\node_modules\\.bin\\color-support': 'D:\\JavaScript\\DishDash-main\\DishDash-main\\DissDash\\backend\\node_modules\\.bin\\.color-support-akfpNBva',
64 silly reify   'D:\\JavaScript\\DishDash-main\\DishDash-main\\DissDash\\backend\\node_modules\\.bin\\color-support.cmd': 'D:\\JavaScript\\DishDash-main\\DishDash-main\\DissDash\\backend\\node_modules\\.bin\\.color-support.cmd-owszlXsu',
64 silly reify   'D:\\JavaScript\\DishDash-main\\DishDash-main\\DissDash\\backend\\node_modules\\.bin\\color-support.ps1': 'D:\\JavaScript\\DishDash-main\\DishDash-main\\DissDash\\backend\\node_modules\\.bin\\.color-support.ps1-hIgAup3B',
64 silly reify   'D:\\JavaScript\\DishDash-main\\DishDash-main\\DissDash\\backend\\node_modules\\concat-map': 'D:\\JavaScript\\DishDash-main\\DishDash-main\\DissDash\\backend\\node_modules\\.concat-map-AuKqHxYx',
64 silly reify   'D:\\JavaScript\\DishDash-main\\DishDash-main\\DissDash\\backend\\node_modules\\console-control-strings': 'D:\\JavaScript\\DishDash-main\\DishDash-main\\DissDash\\backend\\node_modules\\.console-control-strings-a7WjI1Ri',
64 silly reify   'D:\\JavaScript\\DishDash-main\\DishDash-main\\DissDash\\backend\\node_modules\\delegates': 'D:\\JavaScript\\DishDash-main\\DishDash-main\\DissDash\\backend\\node_modules\\.delegates-NQziFrvo',
64 silly reify   'D:\\JavaScript\\DishDash-main\\DishDash-main\\DissDash\\backend\\node_modules\\detect-libc': 'D:\\JavaScript\\DishDash-main\\DishDash-main\\DissDash\\backend\\node_modules\\.detect-libc-xA7DNho6',
64 silly reify   'D:\\JavaScript\\DishDash-main\\DishDash-main\\DissDash\\backend\\node_modules\\emoji-regex': 'D:\\JavaScript\\DishDash-main\\DishDash-main\\DissDash\\backend\\node_modules\\.emoji-regex-842nrd9H',
64 silly reify   'D:\\JavaScript\\DishDash-main\\DishDash-main\\DissDash\\backend\\node_modules\\fs-minipass': 'D:\\JavaScript\\DishDash-main\\DishDash-main\\DissDash\\backend\\node_modules\\.fs-minipass-0HigJJye',
64 silly reify   'D:\\JavaScript\\DishDash-main\\DishDash-main\\DissDash\\backend\\node_modules\\fs.realpath': 'D:\\JavaScript\\DishDash-main\\DishDash-main\\DissDash\\backend\\node_modules\\.fs.realpath-yCpRmj71',
64 silly reify   'D:\\JavaScript\\DishDash-main\\DishDash-main\\DissDash\\backend\\node_modules\\gauge': 'D:\\JavaScript\\DishDash-main\\DishDash-main\\DissDash\\backend\\node_modules\\.gauge-4UX7yUGc',
64 silly reify   'D:\\JavaScript\\DishDash-main\\DishDash-main\\DissDash\\backend\\node_modules\\glob': 'D:\\JavaScript\\DishDash-main\\DishDash-main\\DissDash\\backend\\node_modules\\.glob-ifbyaMK8',
64 silly reify   'D:\\JavaScript\\DishDash-main\\DishDash-main\\DissDash\\backend\\node_modules\\has-unicode': 'D:\\JavaScript\\DishDash-main\\DishDash-main\\DissDash\\backend\\node_modules\\.has-unicode-sknIXOeR',
64 silly reify   'D:\\JavaScript\\DishDash-main\\DishDash-main\\DissDash\\backend\\node_modules\\https-proxy-agent': 'D:\\JavaScript\\DishDash-main\\DishDash-main\\DissDash\\backend\\node_modules\\.https-proxy-agent-EmjchNv5',
64 silly reify   'D:\\JavaScript\\DishDash-main\\DishDash-main\\DissDash\\backend\\node_modules\\inflight': 'D:\\JavaScript\\DishDash-main\\DishDash-main\\DissDash\\backend\\node_modules\\.inflight-x8TBMVd0',
64 silly reify   'D:\\JavaScript\\DishDash-main\\DishDash-main\\DissDash\\backend\\node_modules\\is-fullwidth-code-point': 'D:\\JavaScript\\DishDash-main\\DishDash-main\\DissDash\\backend\\node_modules\\.is-fullwidth-code-point-QR8W503v',
64 silly reify   'D:\\JavaScript\\DishDash-main\\DishDash-main\\DissDash\\backend\\node_modules\\make-dir': 'D:\\JavaScript\\DishDash-main\\DishDash-main\\DissDash\\backend\\node_modules\\.make-dir-54ZwnJZz',
64 silly reify   'D:\\JavaScript\\DishDash-main\\DishDash-main\\DissDash\\backend\\node_modules\\minimatch': 'D:\\JavaScript\\DishDash-main\\DishDash-main\\DissDash\\backend\\node_modules\\.minimatch-gIDs9tyw',
64 silly reify   'D:\\JavaScript\\DishDash-main\\DishDash-main\\DissDash\\backend\\node_modules\\minipass': 'D:\\JavaScript\\DishDash-main\\DishDash-main\\DissDash\\backend\\node_modules\\.minipass-gUS14Ezp',
64 silly reify   'D:\\JavaScript\\DishDash-main\\DishDash-main\\DissDash\\backend\\node_modules\\minizlib': 'D:\\JavaScript\\DishDash-main\\DishDash-main\\DissDash\\backend\\node_modules\\.minizlib-laYfbEyX',
64 silly reify   'D:\\JavaScript\\DishDash-main\\DishDash-main\\DissDash\\backend\\node_modules\\mkdirp': 'D:\\JavaScript\\DishDash-main\\DishDash-main\\DissDash\\backend\\node_modules\\.mkdirp-AxDJcb8c',
64 silly reify   'D:\\JavaScript\\DishDash-main\\DishDash-main\\DissDash\\backend\\node_modules\\.bin\\mkdirp': 'D:\\JavaScript\\DishDash-main\\DishDash-main\\DissDash\\backend\\node_modules\\.bin\\.mkdirp-dMo5jQtb',
64 silly reify   'D:\\JavaScript\\DishDash-main\\DishDash-main\\DissDash\\backend\\node_modules\\.bin\\mkdirp.cmd': 'D:\\JavaScript\\DishDash-main\\DishDash-main\\DissDash\\backend\\node_modules\\.bin\\.mkdirp.cmd-MLt26Vaa',
64 silly reify   'D:\\JavaScript\\DishDash-main\\DishDash-main\\DissDash\\backend\\node_modules\\.bin\\mkdirp.ps1': 'D:\\JavaScript\\DishDash-main\\DishDash-main\\DissDash\\backend\\node_modules\\.bin\\.mkdirp.ps1-KX27vx6U',
64 silly reify   'D:\\JavaScript\\DishDash-main\\DishDash-main\\DissDash\\backend\\node_modules\\node-addon-api': 'D:\\JavaScript\\DishDash-main\\DishDash-main\\DissDash\\backend\\node_modules\\.node-addon-api-JHyZ9EsN',
64 silly reify   'D:\\JavaScript\\DishDash-main\\DishDash-main\\DissDash\\backend\\node_modules\\node-fetch': 'D:\\JavaScript\\DishDash-main\\DishDash-main\\DissDash\\backend\\node_modules\\.node-fetch-6nRsSkmP',
64 silly reify   'D:\\JavaScript\\DishDash-main\\DishDash-main\\DissDash\\backend\\node_modules\\nopt': 'D:\\JavaScript\\DishDash-main\\DishDash-main\\DissDash\\backend\\node_modules\\.nopt-azwExrHD',
64 silly reify   'D:\\JavaScript\\DishDash-main\\DishDash-main\\DissDash\\backend\\node_modules\\.bin\\nopt': 'D:\\JavaScript\\DishDash-main\\DishDash-main\\DissDash\\backend\\node_modules\\.bin\\.nopt-Wj12ItdC',
64 silly reify   'D:\\JavaScript\\DishDash-main\\DishDash-main\\DissDash\\backend\\node_modules\\.bin\\nopt.cmd': 'D:\\JavaScript\\DishDash-main\\DishDash-main\\DissDash\\backend\\node_modules\\.bin\\.nopt.cmd-2FvB2Xp6',
64 silly reify   'D:\\JavaScript\\DishDash-main\\DishDash-main\\DissDash\\backend\\node_modules\\.bin\\nopt.ps1': 'D:\\JavaScript\\DishDash-main\\DishDash-main\\DissDash\\backend\\node_modules\\.bin\\.nopt.ps1-P5VPF0S9',
64 silly reify   'D:\\JavaScript\\DishDash-main\\DishDash-main\\DissDash\\backend\\node_modules\\npmlog': 'D:\\JavaScript\\DishDash-main\\DishDash-main\\DissDash\\backend\\node_modules\\.npmlog-o0EtP29g',
64 silly reify   'D:\\JavaScript\\DishDash-main\\DishDash-main\\DissDash\\backend\\node_modules\\path-is-absolute': 'D:\\JavaScript\\DishDash-main\\DishDash-main\\DissDash\\backend\\node_modules\\.path-is-absolute-cxjz7S5b',
64 silly reify   'D:\\JavaScript\\DishDash-main\\DishDash-main\\DissDash\\backend\\node_modules\\readable-stream': 'D:\\JavaScript\\DishDash-main\\DishDash-main\\DissDash\\backend\\node_modules\\.readable-stream-U4nWSrAb',
64 silly reify   'D:\\JavaScript\\DishDash-main\\DishDash-main\\DissDash\\backend\\node_modules\\rimraf': 'D:\\JavaScript\\DishDash-main\\DishDash-main\\DissDash\\backend\\node_modules\\.rimraf-INTsMIro',
64 silly reify   'D:\\JavaScript\\DishDash-main\\DishDash-main\\DissDash\\backend\\node_modules\\.bin\\rimraf': 'D:\\JavaScript\\DishDash-main\\DishDash-main\\DissDash\\backend\\node_modules\\.bin\\.rimraf-HjT0XzZv',
64 silly reify   'D:\\JavaScript\\DishDash-main\\DishDash-main\\DissDash\\backend\\node_modules\\.bin\\rimraf.cmd': 'D:\\JavaScript\\DishDash-main\\DishDash-main\\DissDash\\backend\\node_modules\\.bin\\.rimraf.cmd-6Asu2Ssj',
64 silly reify   'D:\\JavaScript\\DishDash-main\\DishDash-main\\DissDash\\backend\\node_modules\\.bin\\rimraf.ps1': 'D:\\JavaScript\\DishDash-main\\DishDash-main\\DissDash\\backend\\node_modules\\.bin\\.rimraf.ps1-9wfiiGCj',
64 silly reify   'D:\\JavaScript\\DishDash-main\\DishDash-main\\DissDash\\backend\\node_modules\\set-blocking': 'D:\\JavaScript\\DishDash-main\\DishDash-main\\DissDash\\backend\\node_modules\\.set-blocking-4ZxOV1bx',
64 silly reify   'D:\\JavaScript\\DishDash-main\\DishDash-main\\DissDash\\backend\\node_modules\\signal-exit': 'D:\\JavaScript\\DishDash-main\\DishDash-main\\DissDash\\backend\\node_modules\\.signal-exit-qc2MNVvP',
64 silly reify   'D:\\JavaScript\\DishDash-main\\DishDash-main\\DissDash\\backend\\node_modules\\string_decoder': 'D:\\JavaScript\\DishDash-main\\DishDash-main\\DissDash\\backend\\node_modules\\.string_decoder-azhL8KcY',
64 silly reify   'D:\\JavaScript\\DishDash-main\\DishDash-main\\DissDash\\backend\\node_modules\\string-width': 'D:\\JavaScript\\DishDash-main\\DishDash-main\\DissDash\\backend\\node_modules\\.string-width-T2LjY0ee',
64 silly reify   'D:\\JavaScript\\DishDash-main\\DishDash-main\\DissDash\\backend\\node_modules\\strip-ansi': 'D:\\JavaScript\\DishDash-main\\DishDash-main\\DissDash\\backend\\node_modules\\.strip-ansi-d12hMTOP',
64 silly reify   'D:\\JavaScript\\DishDash-main\\DishDash-main\\DissDash\\backend\\node_modules\\tar': 'D:\\JavaScript\\DishDash-main\\DishDash-main\\DissDash\\backend\\node_modules\\.tar-LiM8L75y',
64 silly reify   'D:\\JavaScript\\DishDash-main\\DishDash-main\\DissDash\\backend\\node_modules\\util-deprecate': 'D:\\JavaScript\\DishDash-main\\DishDash-main\\DissDash\\backend\\node_modules\\.util-deprecate-6KfImR8U',
64 silly reify   'D:\\JavaScript\\DishDash-main\\DishDash-main\\DissDash\\backend\\node_modules\\wide-align': 'D:\\JavaScript\\DishDash-main\\DishDash-main\\DissDash\\backend\\node_modules\\.wide-align-PZ3mt9RT',
64 silly reify   'D:\\JavaScript\\DishDash-main\\DishDash-main\\DissDash\\backend\\node_modules\\yallist': 'D:\\JavaScript\\DishDash-main\\DishDash-main\\DissDash\\backend\\node_modules\\.yallist-wjp1AH3A'
64 silly reify }
65 silly audit bulk request {
65 silly audit   '@mongodb-js/saslprep': [ '1.2.2' ],
65 silly audit   '@types/webidl-conversions': [ '7.0.3' ],
65 silly audit   '@types/whatwg-url': [ '11.0.5' ],
65 silly audit   accepts: [ '2.0.0' ],
65 silly audit   bcryptjs: [ '3.0.2' ],
65 silly audit   'body-parser': [ '2.2.0' ],
65 silly audit   bson: [ '6.10.3' ],
65 silly audit   'buffer-equal-constant-time': [ '1.0.1' ],
65 silly audit   bytes: [ '3.1.2' ],
65 silly audit   'call-bind-apply-helpers': [ '1.0.2' ],
65 silly audit   'call-bound': [ '1.0.4' ],
65 silly audit   'content-disposition': [ '1.0.0' ],
65 silly audit   'content-type': [ '1.0.5' ],
65 silly audit   cookie: [ '0.7.2' ],
65 silly audit   'cookie-signature': [ '1.2.2' ],
65 silly audit   debug: [ '4.4.0' ],
65 silly audit   depd: [ '2.0.0' ],
65 silly audit   dotenv: [ '16.5.0' ],
65 silly audit   'dunder-proto': [ '1.0.1' ],
65 silly audit   'ecdsa-sig-formatter': [ '1.0.11' ],
65 silly audit   'ee-first': [ '1.1.1' ],
65 silly audit   encodeurl: [ '2.0.0' ],
65 silly audit   'es-define-property': [ '1.0.1' ],
65 silly audit   'es-errors': [ '1.3.0' ],
65 silly audit   'es-object-atoms': [ '1.1.1' ],
65 silly audit   'escape-html': [ '1.0.3' ],
65 silly audit   etag: [ '1.8.1' ],
65 silly audit   express: [ '5.1.0' ],
65 silly audit   finalhandler: [ '2.1.0' ],
65 silly audit   forwarded: [ '0.2.0' ],
65 silly audit   fresh: [ '2.0.0' ],
65 silly audit   'function-bind': [ '1.1.2' ],
65 silly audit   'get-intrinsic': [ '1.3.0' ],
65 silly audit   'get-proto': [ '1.0.1' ],
65 silly audit   gopd: [ '1.2.0' ],
65 silly audit   'has-symbols': [ '1.1.0' ],
65 silly audit   hasown: [ '2.0.2' ],
65 silly audit   'http-errors': [ '2.0.0' ],
65 silly audit   'iconv-lite': [ '0.6.3' ],
65 silly audit   inherits: [ '2.0.4' ],
65 silly audit   'ipaddr.js': [ '1.9.1' ],
65 silly audit   'is-promise': [ '4.0.0' ],
65 silly audit   jsonwebtoken: [ '9.0.2' ],
65 silly audit   jwa: [ '1.4.1' ],
65 silly audit   jws: [ '3.2.2' ],
65 silly audit   kareem: [ '2.6.3' ],
65 silly audit   'lodash.includes': [ '4.3.0' ],
65 silly audit   'lodash.isboolean': [ '3.0.3' ],
65 silly audit   'lodash.isinteger': [ '4.0.4' ],
65 silly audit   'lodash.isnumber': [ '3.0.3' ],
65 silly audit   'lodash.isplainobject': [ '4.0.6' ],
65 silly audit   'lodash.isstring': [ '4.0.1' ],
65 silly audit   'lodash.once': [ '4.1.1' ],
65 silly audit   semver: [ '7.7.1' ],
65 silly audit   'math-intrinsics': [ '1.1.0' ],
65 silly audit   'media-typer': [ '1.1.0' ],
65 silly audit   'memory-pager': [ '1.5.0' ],
65 silly audit   'merge-descriptors': [ '2.0.0' ],
65 silly audit   'mime-db': [ '1.54.0' ],
65 silly audit   'mime-types': [ '3.0.1' ],
65 silly audit   mongodb: [ '6.15.0' ],
65 silly audit   'mongodb-connection-string-url': [ '3.0.2' ],
65 silly audit   mongoose: [ '8.13.2' ],
65 silly audit   mpath: [ '0.9.0' ],
65 silly audit   mquery: [ '5.0.0' ],
65 silly audit   ms: [ '2.1.3' ],
65 silly audit   negotiator: [ '1.0.0' ],
65 silly audit   tr46: [ '5.1.1' ],
65 silly audit   'webidl-conversions': [ '7.0.0' ],
65 silly audit   'whatwg-url': [ '14.2.0' ],
65 silly audit   'object-assign': [ '4.1.1' ],
65 silly audit   'object-inspect': [ '1.13.4' ],
65 silly audit   'on-finished': [ '2.4.1' ],
65 silly audit   once: [ '1.4.0' ],
65 silly audit   parseurl: [ '1.3.3' ],
65 silly audit   'path-to-regexp': [ '8.2.0' ],
65 silly audit   'proxy-addr': [ '2.0.7' ],
65 silly audit   punycode: [ '2.3.1' ],
65 silly audit   qs: [ '6.14.0' ],
65 silly audit   'range-parser': [ '1.2.1' ],
65 silly audit   'raw-body': [ '3.0.0' ],
65 silly audit   router: [ '2.2.0' ],
65 silly audit   'safe-buffer': [ '5.2.1' ],
65 silly audit   'safer-buffer': [ '2.1.2' ],
65 silly audit   send: [ '1.2.0' ],
65 silly audit   'serve-static': [ '2.2.0' ],
65 silly audit   setprototypeof: [ '1.2.0' ],
65 silly audit   'side-channel': [ '1.1.0' ],
65 silly audit   'side-channel-list': [ '1.0.0' ],
65 silly audit   'side-channel-map': [ '1.0.1' ],
65 silly audit   'side-channel-weakmap': [ '1.0.2' ],
65 silly audit   sift: [ '17.1.3' ],
65 silly audit   'sparse-bitfield': [ '3.0.3' ],
65 silly audit   statuses: [ '2.0.1' ],
65 silly audit   toidentifier: [ '1.0.1' ],
65 silly audit   'type-is': [ '2.0.1' ],
65 silly audit   unpipe: [ '1.0.0' ],
65 silly audit   vary: [ '1.1.2' ],
65 silly audit   wrappy: [ '1.0.2' ],
65 silly audit   cors: [ '2.8.5' ]
65 silly audit }
66 silly tarball no local data for cors@https://registry.npmjs.org/cors/-/cors-2.8.5.tgz. Extracting by manifest.
67 http fetch GET 200 https://registry.npmjs.org/cors/-/cors-2.8.5.tgz 83ms (cache miss)
68 http fetch POST 200 https://registry.npmjs.org/-/npm/v1/security/advisories/bulk 345ms
69 silly audit report {}
70 silly ADD node_modules/cors
71 silly REMOVE node_modules/yallist
72 silly REMOVE node_modules/wide-align
73 silly REMOVE node_modules/util-deprecate
74 silly REMOVE node_modules/tar
75 silly REMOVE node_modules/strip-ansi
76 silly REMOVE node_modules/string-width
77 silly REMOVE node_modules/string_decoder
78 silly REMOVE node_modules/signal-exit
79 silly REMOVE node_modules/set-blocking
80 silly REMOVE node_modules/rimraf
81 silly REMOVE node_modules/readable-stream
82 silly REMOVE node_modules/path-is-absolute
83 silly REMOVE node_modules/npmlog
84 silly REMOVE node_modules/nopt
85 silly REMOVE node_modules/node-fetch
86 silly REMOVE node_modules/node-fetch/node_modules/whatwg-url
87 silly REMOVE node_modules/node-fetch/node_modules/webidl-conversions
88 silly REMOVE node_modules/node-fetch/node_modules/tr46
89 silly REMOVE node_modules/node-addon-api
90 silly REMOVE node_modules/mkdirp
91 silly REMOVE node_modules/minizlib
92 silly REMOVE node_modules/minizlib/node_modules/minipass
93 silly REMOVE node_modules/minipass
94 silly REMOVE node_modules/minimatch
95 silly REMOVE node_modules/make-dir
96 silly REMOVE node_modules/make-dir/node_modules/semver
97 silly REMOVE node_modules/is-fullwidth-code-point
98 silly REMOVE node_modules/inflight
99 silly REMOVE node_modules/https-proxy-agent
100 silly REMOVE node_modules/has-unicode
101 silly REMOVE node_modules/glob
102 silly REMOVE node_modules/gauge
103 silly REMOVE node_modules/fs.realpath
104 silly REMOVE node_modules/fs-minipass
105 silly REMOVE node_modules/fs-minipass/node_modules/minipass
106 silly REMOVE node_modules/emoji-regex
107 silly REMOVE node_modules/detect-libc
108 silly REMOVE node_modules/delegates
109 silly REMOVE node_modules/console-control-strings
110 silly REMOVE node_modules/concat-map
111 silly REMOVE node_modules/color-support
112 silly REMOVE node_modules/chownr
113 silly REMOVE node_modules/brace-expansion
114 silly REMOVE node_modules/bcrypt
115 silly REMOVE node_modules/balanced-match
116 silly REMOVE node_modules/are-we-there-yet
117 silly REMOVE node_modules/aproba
118 silly REMOVE node_modules/ansi-regex
119 silly REMOVE node_modules/agent-base
120 silly REMOVE node_modules/abbrev
121 silly REMOVE node_modules/@mapbox/node-pre-gyp
122 verbose cwd D:\JavaScript\DishDash-main\DishDash-main\DissDash\backend
123 verbose os Windows_NT 10.0.22631
124 verbose node v22.12.0
125 verbose npm  v10.9.0
126 verbose exit 0
127 info ok
