0 verbose cli D:\node.exe D:\node_modules\npm\bin\npm-cli.js
1 info using npm@10.9.0
2 info using node@v22.12.0
3 silly config load:file:D:\node_modules\npm\npmrc
4 silly config load:file:D:\JavaScript\DishDash-main\DishDash-main\DissDash\.npmrc
5 silly config load:file:C:\Users\user\.npmrc
6 silly config load:file:D:\JavaScript\DishDash-main\DishDash-main\DissDash\user\npm-global\etc\npmrc
7 verbose title npm install @clerk/clerk-react
8 verbose argv "install" "@clerk/clerk-react"
9 verbose logfile logs-max:10 dir:D:\JavaScript\DishDash-main\DishDash-main\DissDash\%USERPROFILE%\npm-cache\_logs\2025-04-19T13_17_07_921Z-
10 verbose logfile D:\JavaScript\DishDash-main\DishDash-main\DissDash\%USERPROFILE%\npm-cache\_logs\2025-04-19T13_17_07_921Z-debug-0.log
11 silly logfile done cleaning log files
12 silly packumentCache heap:4345298944 maxSize:1086324736 maxEntrySize:543162368
13 silly idealTree buildDeps
14 silly fetch manifest @clerk/clerk-react@*
15 silly packumentCache full:https://registry.npmjs.org/@clerk%2fclerk-react cache-miss
16 http fetch GET 200 https://registry.npmjs.org/@clerk%2fclerk-react 455ms (cache miss)
17 silly packumentCache full:https://registry.npmjs.org/@clerk%2fclerk-react set size:undefined disposed:false
18 silly placeDep ROOT @clerk/clerk-react@5.28.2 OK for: dissdash@0.0.0 want: *
19 silly fetch manifest tslib@2.8.1
20 silly packumentCache full:https://registry.npmjs.org/tslib cache-miss
21 silly fetch manifest @clerk/types@^4.54.2
22 silly packumentCache full:https://registry.npmjs.org/@clerk%2ftypes cache-miss
23 silly fetch manifest @clerk/shared@^3.7.2
24 silly packumentCache full:https://registry.npmjs.org/@clerk%2fshared cache-miss
25 http fetch GET 200 https://registry.npmjs.org/tslib 65ms (cache miss)
26 silly packumentCache full:https://registry.npmjs.org/tslib set size:undefined disposed:false
27 http fetch GET 200 https://registry.npmjs.org/@clerk%2fshared 294ms (cache miss)
28 silly packumentCache full:https://registry.npmjs.org/@clerk%2fshared set size:undefined disposed:false
29 http fetch GET 200 https://registry.npmjs.org/@clerk%2ftypes 418ms (cache miss)
30 silly packumentCache full:https://registry.npmjs.org/@clerk%2ftypes set size:undefined disposed:false
31 silly placeDep ROOT @clerk/shared@3.7.2 OK for: @clerk/clerk-react@5.28.2 want: ^3.7.2
32 silly placeDep ROOT @clerk/types@4.54.2 OK for: @clerk/clerk-react@5.28.2 want: ^4.54.2
33 silly placeDep ROOT tslib@2.8.1 OK for: @clerk/clerk-react@5.28.2 want: 2.8.1
34 silly fetch manifest swr@^2.3.3
35 silly packumentCache full:https://registry.npmjs.org/swr cache-miss
36 silly fetch manifest dequal@2.0.3
37 silly packumentCache full:https://registry.npmjs.org/dequal cache-miss
38 silly fetch manifest std-env@^3.8.1
39 silly packumentCache full:https://registry.npmjs.org/std-env cache-miss
40 silly fetch manifest js-cookie@3.0.5
41 silly packumentCache full:https://registry.npmjs.org/js-cookie cache-miss
42 silly fetch manifest glob-to-regexp@0.4.1
43 silly packumentCache full:https://registry.npmjs.org/glob-to-regexp cache-miss
44 http fetch GET 200 https://registry.npmjs.org/dequal 95ms (cache miss)
45 silly packumentCache full:https://registry.npmjs.org/dequal set size:undefined disposed:false
46 http fetch GET 200 https://registry.npmjs.org/std-env 100ms (cache miss)
47 silly packumentCache full:https://registry.npmjs.org/std-env set size:undefined disposed:false
48 http fetch GET 200 https://registry.npmjs.org/swr 140ms (cache miss)
49 silly packumentCache full:https://registry.npmjs.org/swr set size:undefined disposed:false
50 http fetch GET 200 https://registry.npmjs.org/js-cookie 153ms (cache miss)
51 silly packumentCache full:https://registry.npmjs.org/js-cookie set size:undefined disposed:false
52 http fetch GET 200 https://registry.npmjs.org/glob-to-regexp 175ms (cache miss)
53 silly packumentCache full:https://registry.npmjs.org/glob-to-regexp set size:undefined disposed:false
54 silly placeDep ROOT dequal@2.0.3 OK for: @clerk/shared@3.7.2 want: 2.0.3
55 silly placeDep ROOT glob-to-regexp@0.4.1 OK for: @clerk/shared@3.7.2 want: 0.4.1
56 silly placeDep ROOT js-cookie@3.0.5 OK for: @clerk/shared@3.7.2 want: 3.0.5
57 silly placeDep ROOT std-env@3.9.0 OK for: @clerk/shared@3.7.2 want: ^3.8.1
58 silly placeDep ROOT swr@2.3.3 OK for: @clerk/shared@3.7.2 want: ^2.3.3
59 silly fetch manifest use-sync-external-store@^1.4.0
60 silly packumentCache full:https://registry.npmjs.org/use-sync-external-store cache-miss
61 http fetch GET 200 https://registry.npmjs.org/use-sync-external-store 193ms (cache miss)
62 silly packumentCache full:https://registry.npmjs.org/use-sync-external-store set size:undefined disposed:false
63 silly placeDep ROOT use-sync-external-store@1.5.0 OK for: swr@2.3.3 want: ^1.4.0
64 silly reify moves {}
65 verbose reify failed optional dependency D:\JavaScript\DishDash-main\DishDash-main\DissDash\node_modules\@tailwindcss\oxide-wasm32-wasi
66 silly reify mark deleted [
66 silly reify   'D:\\JavaScript\\DishDash-main\\DishDash-main\\DissDash\\node_modules\\@tailwindcss\\oxide-wasm32-wasi'
66 silly reify ]
67 verbose reify failed optional dependency D:\JavaScript\DishDash-main\DishDash-main\DissDash\node_modules\@tailwindcss\oxide-wasm32-wasi\node_modules\@emnapi\core
68 silly reify mark deleted [
68 silly reify   'D:\\JavaScript\\DishDash-main\\DishDash-main\\DissDash\\node_modules\\@tailwindcss\\oxide-wasm32-wasi\\node_modules\\@emnapi\\core'
68 silly reify ]
69 verbose reify failed optional dependency D:\JavaScript\DishDash-main\DishDash-main\DissDash\node_modules\@tailwindcss\oxide-wasm32-wasi\node_modules\@emnapi\runtime
70 silly reify mark deleted [
70 silly reify   'D:\\JavaScript\\DishDash-main\\DishDash-main\\DissDash\\node_modules\\@tailwindcss\\oxide-wasm32-wasi\\node_modules\\@emnapi\\runtime'
70 silly reify ]
71 verbose reify failed optional dependency D:\JavaScript\DishDash-main\DishDash-main\DissDash\node_modules\@tailwindcss\oxide-wasm32-wasi\node_modules\@emnapi\wasi-threads
72 silly reify mark deleted [
72 silly reify   'D:\\JavaScript\\DishDash-main\\DishDash-main\\DissDash\\node_modules\\@tailwindcss\\oxide-wasm32-wasi\\node_modules\\@emnapi\\wasi-threads'
72 silly reify ]
73 verbose reify failed optional dependency D:\JavaScript\DishDash-main\DishDash-main\DissDash\node_modules\@tailwindcss\oxide-wasm32-wasi\node_modules\@napi-rs\wasm-runtime
74 silly reify mark deleted [
74 silly reify   'D:\\JavaScript\\DishDash-main\\DishDash-main\\DissDash\\node_modules\\@tailwindcss\\oxide-wasm32-wasi\\node_modules\\@napi-rs\\wasm-runtime'
74 silly reify ]
75 verbose reify failed optional dependency D:\JavaScript\DishDash-main\DishDash-main\DissDash\node_modules\@tailwindcss\oxide-wasm32-wasi\node_modules\@tybys\wasm-util
76 silly reify mark deleted [
76 silly reify   'D:\\JavaScript\\DishDash-main\\DishDash-main\\DissDash\\node_modules\\@tailwindcss\\oxide-wasm32-wasi\\node_modules\\@tybys\\wasm-util'
76 silly reify ]
77 verbose reify failed optional dependency D:\JavaScript\DishDash-main\DishDash-main\DissDash\node_modules\@tailwindcss\oxide-wasm32-wasi\node_modules\tslib
78 silly reify mark deleted [
78 silly reify   'D:\\JavaScript\\DishDash-main\\DishDash-main\\DissDash\\node_modules\\@tailwindcss\\oxide-wasm32-wasi\\node_modules\\tslib'
78 silly reify ]
79 silly audit bulk request {
79 silly audit   dissdash: [ '0.0.0' ],
79 silly audit   '@ampproject/remapping': [ '2.3.0' ],
79 silly audit   '@babel/code-frame': [ '7.26.2' ],
79 silly audit   '@babel/compat-data': [ '7.26.8' ],
79 silly audit   '@babel/core': [ '7.26.10' ],
79 silly audit   '@babel/generator': [ '7.27.0' ],
79 silly audit   '@babel/helper-compilation-targets': [ '7.27.0' ],
79 silly audit   '@babel/helper-module-imports': [ '7.25.9' ],
79 silly audit   '@babel/helper-module-transforms': [ '7.26.0' ],
79 silly audit   '@babel/helper-plugin-utils': [ '7.26.5' ],
79 silly audit   '@babel/helper-string-parser': [ '7.25.9' ],
79 silly audit   '@babel/helper-validator-identifier': [ '7.25.9' ],
79 silly audit   '@babel/helper-validator-option': [ '7.25.9' ],
79 silly audit   '@babel/helpers': [ '7.27.0' ],
79 silly audit   '@babel/parser': [ '7.27.0' ],
79 silly audit   '@babel/plugin-transform-react-jsx-self': [ '7.25.9' ],
79 silly audit   '@babel/plugin-transform-react-jsx-source': [ '7.25.9' ],
79 silly audit   '@babel/template': [ '7.27.0' ],
79 silly audit   '@babel/traverse': [ '7.27.0' ],
79 silly audit   globals: [ '11.12.0', '14.0.0', '15.15.0' ],
79 silly audit   '@babel/types': [ '7.27.0' ],
79 silly audit   '@esbuild/aix-ppc64': [ '0.25.2' ],
79 silly audit   '@esbuild/android-arm': [ '0.25.2' ],
79 silly audit   '@esbuild/android-arm64': [ '0.25.2' ],
79 silly audit   '@esbuild/android-x64': [ '0.25.2' ],
79 silly audit   '@esbuild/darwin-arm64': [ '0.25.2' ],
79 silly audit   '@esbuild/darwin-x64': [ '0.25.2' ],
79 silly audit   '@esbuild/freebsd-arm64': [ '0.25.2' ],
79 silly audit   '@esbuild/freebsd-x64': [ '0.25.2' ],
79 silly audit   '@esbuild/linux-arm': [ '0.25.2' ],
79 silly audit   '@esbuild/linux-arm64': [ '0.25.2' ],
79 silly audit   '@esbuild/linux-ia32': [ '0.25.2' ],
79 silly audit   '@esbuild/linux-loong64': [ '0.25.2' ],
79 silly audit   '@esbuild/linux-mips64el': [ '0.25.2' ],
79 silly audit   '@esbuild/linux-ppc64': [ '0.25.2' ],
79 silly audit   '@esbuild/linux-riscv64': [ '0.25.2' ],
79 silly audit   '@esbuild/linux-s390x': [ '0.25.2' ],
79 silly audit   '@esbuild/linux-x64': [ '0.25.2' ],
79 silly audit   '@esbuild/netbsd-arm64': [ '0.25.2' ],
79 silly audit   '@esbuild/netbsd-x64': [ '0.25.2' ],
79 silly audit   '@esbuild/openbsd-arm64': [ '0.25.2' ],
79 silly audit   '@esbuild/openbsd-x64': [ '0.25.2' ],
79 silly audit   '@esbuild/sunos-x64': [ '0.25.2' ],
79 silly audit   '@esbuild/win32-arm64': [ '0.25.2' ],
79 silly audit   '@esbuild/win32-ia32': [ '0.25.2' ],
79 silly audit   '@esbuild/win32-x64': [ '0.25.2' ],
79 silly audit   '@eslint-community/eslint-utils': [ '4.6.1' ],
79 silly audit   'eslint-visitor-keys': [ '3.4.3', '4.2.0' ],
79 silly audit   '@eslint-community/regexpp': [ '4.12.1' ],
79 silly audit   '@eslint/config-array': [ '0.20.0' ],
79 silly audit   '@eslint/config-helpers': [ '0.2.1' ],
79 silly audit   '@eslint/core': [ '0.12.0', '0.13.0' ],
79 silly audit   '@eslint/eslintrc': [ '3.3.1' ],
79 silly audit   '@eslint/js': [ '9.24.0' ],
79 silly audit   '@eslint/object-schema': [ '2.1.6' ],
79 silly audit   '@eslint/plugin-kit': [ '0.2.8' ],
79 silly audit   '@humanfs/core': [ '0.19.1' ],
79 silly audit   '@humanfs/node': [ '0.16.6' ],
79 silly audit   '@humanwhocodes/retry': [ '0.3.1', '0.4.2' ],
79 silly audit   '@humanwhocodes/module-importer': [ '1.0.1' ],
79 silly audit   '@jridgewell/gen-mapping': [ '0.3.8' ],
79 silly audit   '@jridgewell/resolve-uri': [ '3.1.2' ],
79 silly audit   '@jridgewell/set-array': [ '1.2.1' ],
79 silly audit   '@jridgewell/sourcemap-codec': [ '1.5.0' ],
79 silly audit   '@jridgewell/trace-mapping': [ '0.3.25' ],
79 silly audit   '@rollup/rollup-android-arm-eabi': [ '4.40.0' ],
79 silly audit   '@rollup/rollup-android-arm64': [ '4.40.0' ],
79 silly audit   '@rollup/rollup-darwin-arm64': [ '4.40.0' ],
79 silly audit   '@rollup/rollup-darwin-x64': [ '4.40.0' ],
79 silly audit   '@rollup/rollup-freebsd-arm64': [ '4.40.0' ],
79 silly audit   '@rollup/rollup-freebsd-x64': [ '4.40.0' ],
79 silly audit   '@rollup/rollup-linux-arm-gnueabihf': [ '4.40.0' ],
79 silly audit   '@rollup/rollup-linux-arm-musleabihf': [ '4.40.0' ],
79 silly audit   '@rollup/rollup-linux-arm64-gnu': [ '4.40.0' ],
79 silly audit   '@rollup/rollup-linux-arm64-musl': [ '4.40.0' ],
79 silly audit   '@rollup/rollup-linux-loongarch64-gnu': [ '4.40.0' ],
79 silly audit   '@rollup/rollup-linux-powerpc64le-gnu': [ '4.40.0' ],
79 silly audit   '@rollup/rollup-linux-riscv64-gnu': [ '4.40.0' ],
79 silly audit   '@rollup/rollup-linux-riscv64-musl': [ '4.40.0' ],
79 silly audit   '@rollup/rollup-linux-s390x-gnu': [ '4.40.0' ],
79 silly audit   '@rollup/rollup-linux-x64-gnu': [ '4.40.0' ],
79 silly audit   '@rollup/rollup-linux-x64-musl': [ '4.40.0' ],
79 silly audit   '@rollup/rollup-win32-arm64-msvc': [ '4.40.0' ],
79 silly audit   '@rollup/rollup-win32-ia32-msvc': [ '4.40.0' ],
79 silly audit   '@rollup/rollup-win32-x64-msvc': [ '4.40.0' ],
79 silly audit   '@tailwindcss/node': [ '4.1.4' ],
79 silly audit   '@tailwindcss/oxide': [ '4.1.4' ],
79 silly audit   '@tailwindcss/oxide-android-arm64': [ '4.1.4' ],
79 silly audit   '@tailwindcss/oxide-darwin-arm64': [ '4.1.4' ],
79 silly audit   '@tailwindcss/oxide-darwin-x64': [ '4.1.4' ],
79 silly audit   '@tailwindcss/oxide-freebsd-x64': [ '4.1.4' ],
79 silly audit   '@tailwindcss/oxide-linux-arm-gnueabihf': [ '4.1.4' ],
79 silly audit   '@tailwindcss/oxide-linux-arm64-gnu': [ '4.1.4' ],
79 silly audit   '@tailwindcss/oxide-linux-arm64-musl': [ '4.1.4' ],
79 silly audit   '@tailwindcss/oxide-linux-x64-gnu': [ '4.1.4' ],
79 silly audit   '@tailwindcss/oxide-linux-x64-musl': [ '4.1.4' ],
79 silly audit   '@emnapi/core': [ '1.4.0' ],
79 silly audit   '@emnapi/runtime': [ '1.4.0' ],
79 silly audit   '@emnapi/wasi-threads': [ '1.0.1' ],
79 silly audit   '@napi-rs/wasm-runtime': [ '0.2.8' ],
79 silly audit   '@tybys/wasm-util': [ '0.9.0' ],
79 silly audit   tslib: [ '2.8.0', '2.8.1' ],
79 silly audit   '@tailwindcss/oxide-win32-arm64-msvc': [ '4.1.4' ],
79 silly audit   '@tailwindcss/oxide-win32-x64-msvc': [ '4.1.4' ],
79 silly audit   '@tailwindcss/vite': [ '4.1.4' ],
79 silly audit   '@types/babel__core': [ '7.20.5' ],
79 silly audit   '@types/babel__generator': [ '7.27.0' ],
79 silly audit   '@types/babel__template': [ '7.4.4' ],
79 silly audit   '@types/babel__traverse': [ '7.20.7' ],
79 silly audit   '@types/estree': [ '1.0.7' ],
79 silly audit   '@types/json-schema': [ '7.0.15' ],
79 silly audit   '@types/react': [ '19.1.2' ],
79 silly audit   '@types/react-dom': [ '19.1.2' ],
79 silly audit   '@vitejs/plugin-react': [ '4.4.0' ],
79 silly audit   acorn: [ '8.14.1' ],
79 silly audit   'acorn-jsx': [ '5.3.2' ],
79 silly audit   ajv: [ '6.12.6' ],
79 silly audit   'ansi-styles': [ '4.3.0' ],
79 silly audit   argparse: [ '2.0.1' ],
79 silly audit   'array-buffer-byte-length': [ '1.0.2' ],
79 silly audit   'array-includes': [ '3.1.8' ],
79 silly audit   'array.prototype.findlast': [ '1.2.5' ],
79 silly audit   'array.prototype.flat': [ '1.3.3' ],
79 silly audit   'array.prototype.flatmap': [ '1.3.3' ],
79 silly audit   'array.prototype.tosorted': [ '1.1.4' ],
79 silly audit   'arraybuffer.prototype.slice': [ '1.0.4' ],
79 silly audit   'async-function': [ '1.0.0' ],
79 silly audit   'available-typed-arrays': [ '1.0.7' ],
79 silly audit   'balanced-match': [ '1.0.2' ],
79 silly audit   'brace-expansion': [ '1.1.11' ],
79 silly audit   browserslist: [ '4.24.4' ],
79 silly audit   'call-bind': [ '1.0.8' ],
79 silly audit   'call-bind-apply-helpers': [ '1.0.2' ],
79 silly audit   'call-bound': [ '1.0.4' ],
79 silly audit   callsites: [ '3.1.0' ],
79 silly audit   'caniuse-lite': [ '1.0.30001714' ],
79 silly audit   chalk: [ '4.1.2' ],
79 silly audit   'color-convert': [ '2.0.1' ],
79 silly audit   'color-name': [ '1.1.4' ],
79 silly audit   'concat-map': [ '0.0.1' ],
79 silly audit   'convert-source-map': [ '2.0.0' ],
79 silly audit   cookie: [ '1.0.2' ],
79 silly audit   'cross-spawn': [ '7.0.6' ],
79 silly audit   csstype: [ '3.1.3' ],
79 silly audit   'data-view-buffer': [ '1.0.2' ],
79 silly audit   'data-view-byte-length': [ '1.0.2' ],
79 silly audit   'data-view-byte-offset': [ '1.0.1' ],
79 silly audit   debug: [ '4.4.0' ],
79 silly audit   'deep-is': [ '0.1.4' ],
79 silly audit   'define-data-property': [ '1.1.4' ],
79 silly audit   'define-properties': [ '1.2.1' ],
79 silly audit   'detect-libc': [ '2.0.3' ],
79 silly audit   doctrine: [ '2.1.0' ],
79 silly audit   'dunder-proto': [ '1.0.1' ],
79 silly audit   'electron-to-chromium': [ '1.5.138' ],
79 silly audit   'enhanced-resolve': [ '5.18.1' ],
79 silly audit   'es-abstract': [ '1.23.9' ],
79 silly audit   'es-define-property': [ '1.0.1' ],
79 silly audit   'es-errors': [ '1.3.0' ],
79 silly audit   'es-iterator-helpers': [ '1.2.1' ],
79 silly audit   'es-object-atoms': [ '1.1.1' ],
79 silly audit   'es-set-tostringtag': [ '2.1.0' ],
79 silly audit   'es-shim-unscopables': [ '1.1.0' ],
79 silly audit   'es-to-primitive': [ '1.3.0' ],
79 silly audit   esbuild: [ '0.25.2' ],
79 silly audit   escalade: [ '3.2.0' ],
79 silly audit   'escape-string-regexp': [ '4.0.0' ],
79 silly audit   eslint: [ '9.24.0' ],
79 silly audit   'eslint-plugin-react': [ '7.37.5' ],
79 silly audit   'eslint-plugin-react-hooks': [ '5.2.0' ],
79 silly audit   'eslint-plugin-react-refresh': [ '0.4.19' ],
79 silly audit   'eslint-scope': [ '8.3.0' ],
79 silly audit   espree: [ '10.3.0' ],
79 silly audit   esquery: [ '1.6.0' ],
79 silly audit   esrecurse: [ '4.3.0' ],
79 silly audit   estraverse: [ '5.3.0' ],
79 silly audit   esutils: [ '2.0.3' ],
79 silly audit   'fast-deep-equal': [ '3.1.3' ],
79 silly audit   'fast-json-stable-stringify': [ '2.1.0' ],
79 silly audit   'fast-levenshtein': [ '2.0.6' ],
79 silly audit   fdir: [ '6.4.3' ],
79 silly audit   'file-entry-cache': [ '8.0.0' ],
79 silly audit   'find-up': [ '5.0.0' ],
79 silly audit   'flat-cache': [ '4.0.1' ],
79 silly audit   flatted: [ '3.3.3' ],
79 silly audit   'for-each': [ '0.3.5' ],
79 silly audit   fsevents: [ '2.3.3' ],
79 silly audit   'function-bind': [ '1.1.2' ],
79 silly audit   'function.prototype.name': [ '1.1.8' ],
79 silly audit   'functions-have-names': [ '1.2.3' ],
79 silly audit   gensync: [ '1.0.0-beta.2' ],
79 silly audit   'get-intrinsic': [ '1.3.0' ],
79 silly audit   'get-proto': [ '1.0.1' ],
79 silly audit   'get-symbol-description': [ '1.1.0' ],
79 silly audit   'glob-parent': [ '6.0.2' ],
79 silly audit   globalthis: [ '1.0.4' ],
79 silly audit   gopd: [ '1.2.0' ],
79 silly audit   'graceful-fs': [ '4.2.11' ],
79 silly audit   'has-bigints': [ '1.1.0' ],
79 silly audit   'has-flag': [ '4.0.0' ],
79 silly audit   'has-property-descriptors': [ '1.0.2' ],
79 silly audit   'has-proto': [ '1.2.0' ],
79 silly audit   'has-symbols': [ '1.1.0' ],
79 silly audit   'has-tostringtag': [ '1.0.2' ],
79 silly audit   hasown: [ '2.0.2' ],
79 silly audit   ignore: [ '5.3.2' ],
79 silly audit   'import-fresh': [ '3.3.1' ],
79 silly audit   imurmurhash: [ '0.1.4' ],
79 silly audit   'internal-slot': [ '1.1.0' ],
79 silly audit   'is-array-buffer': [ '3.0.5' ],
79 silly audit   'is-async-function': [ '2.1.1' ],
79 silly audit   'is-bigint': [ '1.1.0' ],
79 silly audit   'is-boolean-object': [ '1.2.2' ],
79 silly audit   'is-callable': [ '1.2.7' ],
79 silly audit   'is-core-module': [ '2.16.1' ],
79 silly audit   'is-data-view': [ '1.0.2' ],
79 silly audit   'is-date-object': [ '1.1.0' ],
79 silly audit   'is-extglob': [ '2.1.1' ],
79 silly audit   'is-finalizationregistry': [ '1.1.1' ],
79 silly audit   'is-generator-function': [ '1.1.0' ],
79 silly audit   'is-glob': [ '4.0.3' ],
79 silly audit   'is-map': [ '2.0.3' ],
79 silly audit   'is-number-object': [ '1.1.1' ],
79 silly audit   'is-regex': [ '1.2.1' ],
79 silly audit   'is-set': [ '2.0.3' ],
79 silly audit   'is-shared-array-buffer': [ '1.0.4' ],
79 silly audit   'is-string': [ '1.1.1' ],
79 silly audit   'is-symbol': [ '1.1.1' ],
79 silly audit   'is-typed-array': [ '1.1.15' ],
79 silly audit   'is-weakmap': [ '2.0.2' ],
79 silly audit   'is-weakref': [ '1.1.1' ],
79 silly audit   'is-weakset': [ '2.0.4' ],
79 silly audit   isarray: [ '2.0.5' ],
79 silly audit   isexe: [ '2.0.0' ],
79 silly audit   'iterator.prototype': [ '1.1.5' ],
79 silly audit   jiti: [ '2.4.2' ],
79 silly audit   'js-tokens': [ '4.0.0' ],
79 silly audit   'js-yaml': [ '4.1.0' ],
79 silly audit   jsesc: [ '3.1.0' ],
79 silly audit   'json-buffer': [ '3.0.1' ],
79 silly audit   'json-schema-traverse': [ '0.4.1' ],
79 silly audit   'json-stable-stringify-without-jsonify': [ '1.0.1' ],
79 silly audit   json5: [ '2.2.3' ],
79 silly audit   'jsx-ast-utils': [ '3.3.5' ],
79 silly audit   keyv: [ '4.5.4' ],
79 silly audit   levn: [ '0.4.1' ],
79 silly audit   lightningcss: [ '1.29.2' ],
79 silly audit   'lightningcss-darwin-arm64': [ '1.29.2' ],
79 silly audit   'lightningcss-darwin-x64': [ '1.29.2' ],
79 silly audit   'lightningcss-freebsd-x64': [ '1.29.2' ],
79 silly audit   'lightningcss-linux-arm-gnueabihf': [ '1.29.2' ],
79 silly audit   'lightningcss-linux-arm64-gnu': [ '1.29.2' ],
79 silly audit   'lightningcss-linux-arm64-musl': [ '1.29.2' ],
79 silly audit   'lightningcss-linux-x64-gnu': [ '1.29.2' ],
79 silly audit   'lightningcss-linux-x64-musl': [ '1.29.2' ],
79 silly audit   'lightningcss-win32-arm64-msvc': [ '1.29.2' ],
79 silly audit   'lightningcss-win32-x64-msvc': [ '1.29.2' ],
79 silly audit   'locate-path': [ '6.0.0' ],
79 silly audit   'lodash.merge': [ '4.6.2' ],
79 silly audit   'loose-envify': [ '1.4.0' ],
79 silly audit   'lru-cache': [ '5.1.1' ],
79 silly audit   'math-intrinsics': [ '1.1.0' ],
79 silly audit   minimatch: [ '3.1.2' ],
79 silly audit   ms: [ '2.1.3' ],
79 silly audit   nanoid: [ '3.3.11' ],
79 silly audit   'natural-compare': [ '1.4.0' ],
79 silly audit   'node-releases': [ '2.0.19' ],
79 silly audit   'object-assign': [ '4.1.1' ],
79 silly audit   'object-inspect': [ '1.13.4' ],
79 silly audit   'object-keys': [ '1.1.1' ],
79 silly audit   'object.assign': [ '4.1.7' ],
79 silly audit   'object.entries': [ '1.1.9' ],
79 silly audit   'object.fromentries': [ '2.0.8' ],
79 silly audit   'object.values': [ '1.2.1' ],
79 silly audit   optionator: [ '0.9.4' ],
79 silly audit   'own-keys': [ '1.0.1' ],
79 silly audit   'p-limit': [ '3.1.0' ],
79 silly audit   'p-locate': [ '5.0.0' ],
79 silly audit   'parent-module': [ '1.0.1' ],
79 silly audit   'path-exists': [ '4.0.0' ],
79 silly audit   'path-key': [ '3.1.1' ],
79 silly audit   'path-parse': [ '1.0.7' ],
79 silly audit   picocolors: [ '1.1.1' ],
79 silly audit   picomatch: [ '4.0.2' ],
79 silly audit   'possible-typed-array-names': [ '1.1.0' ],
79 silly audit   postcss: [ '8.5.3' ],
79 silly audit   'prelude-ls': [ '1.2.1' ],
79 silly audit   'prop-types': [ '15.8.1' ],
79 silly audit   punycode: [ '2.3.1' ],
79 silly audit   react: [ '19.1.0' ],
79 silly audit   'react-dom': [ '19.1.0' ],
79 silly audit   'react-is': [ '16.13.1' ],
79 silly audit   'react-refresh': [ '0.17.0' ],
79 silly audit   'react-router': [ '7.5.1' ],
79 silly audit   'react-router-dom': [ '7.5.1' ],
79 silly audit   'reflect.getprototypeof': [ '1.0.10' ],
79 silly audit   'regexp.prototype.flags': [ '1.5.4' ],
79 silly audit   resolve: [ '2.0.0-next.5' ],
79 silly audit   'resolve-from': [ '4.0.0' ],
79 silly audit   rollup: [ '4.40.0' ],
79 silly audit   'safe-array-concat': [ '1.1.3' ],
79 silly audit   'safe-push-apply': [ '1.0.0' ],
79 silly audit   'safe-regex-test': [ '1.1.0' ],
79 silly audit   scheduler: [ '0.26.0' ],
79 silly audit   semver: [ '6.3.1' ],
79 silly audit   'set-cookie-parser': [ '2.7.1' ],
79 silly audit   'set-function-length': [ '1.2.2' ],
79 silly audit   'set-function-name': [ '2.0.2' ],
79 silly audit   'set-proto': [ '1.0.0' ],
79 silly audit   'shebang-command': [ '2.0.0' ],
79 silly audit   'shebang-regex': [ '3.0.0' ],
79 silly audit   'side-channel': [ '1.1.0' ],
79 silly audit   'side-channel-list': [ '1.0.0' ],
79 silly audit   'side-channel-map': [ '1.0.1' ],
79 silly audit   'side-channel-weakmap': [ '1.0.2' ],
79 silly audit   'source-map-js': [ '1.2.1' ],
79 silly audit   'string.prototype.matchall': [ '4.0.12' ],
79 silly audit   'string.prototype.repeat': [ '1.0.0' ],
79 silly audit   'string.prototype.trim': [ '1.2.10' ],
79 silly audit   'string.prototype.trimend': [ '1.0.9' ],
79 silly audit   'string.prototype.trimstart': [ '1.0.8' ],
79 silly audit   'strip-json-comments': [ '3.1.1' ],
79 silly audit   'supports-color': [ '7.2.0' ],
79 silly audit   'supports-preserve-symlinks-flag': [ '1.0.0' ],
79 silly audit   tailwindcss: [ '4.1.4' ],
79 silly audit   tapable: [ '2.2.1' ],
79 silly audit   tinyglobby: [ '0.2.12' ],
79 silly audit   'turbo-stream': [ '2.4.0' ],
79 silly audit   'type-check': [ '0.4.0' ],
79 silly audit   'typed-array-buffer': [ '1.0.3' ],
79 silly audit   'typed-array-byte-length': [ '1.0.3' ],
79 silly audit   'typed-array-byte-offset': [ '1.0.4' ],
79 silly audit   'typed-array-length': [ '1.0.7' ],
79 silly audit   'unbox-primitive': [ '1.1.0' ],
79 silly audit   'update-browserslist-db': [ '1.1.3' ],
79 silly audit   'uri-js': [ '4.4.1' ],
79 silly audit   vite: [ '6.3.2' ],
79 silly audit   which: [ '2.0.2' ],
79 silly audit   'which-boxed-primitive': [ '1.1.1' ],
79 silly audit   'which-builtin-type': [ '1.2.1' ],
79 silly audit   'which-collection': [ '1.0.2' ],
79 silly audit   'which-typed-array': [ '1.1.19' ],
79 silly audit   'word-wrap': [ '1.2.5' ],
79 silly audit   yallist: [ '3.1.1' ],
79 silly audit   'yocto-queue': [ '0.1.0' ],
79 silly audit   '@clerk/clerk-react': [ '5.28.2' ],
79 silly audit   '@clerk/shared': [ '3.7.2' ],
79 silly audit   '@clerk/types': [ '4.54.2' ],
79 silly audit   dequal: [ '2.0.3' ],
79 silly audit   'glob-to-regexp': [ '0.4.1' ],
79 silly audit   'js-cookie': [ '3.0.5' ],
79 silly audit   'std-env': [ '3.9.0' ],
79 silly audit   swr: [ '2.3.3' ],
79 silly audit   'use-sync-external-store': [ '1.5.0' ],
79 silly audit   '@tailwindcss/oxide-wasm32-wasi': [ '4.1.4' ]
79 silly audit }
80 verbose reify failed optional dependency D:\JavaScript\DishDash-main\DishDash-main\DissDash\node_modules\lightningcss-win32-arm64-msvc
81 silly reify mark deleted [
81 silly reify   'D:\\JavaScript\\DishDash-main\\DishDash-main\\DissDash\\node_modules\\lightningcss-win32-arm64-msvc'
81 silly reify ]
82 verbose reify failed optional dependency D:\JavaScript\DishDash-main\DishDash-main\DissDash\node_modules\lightningcss-linux-x64-musl
83 silly reify mark deleted [
83 silly reify   'D:\\JavaScript\\DishDash-main\\DishDash-main\\DissDash\\node_modules\\lightningcss-linux-x64-musl'
83 silly reify ]
84 verbose reify failed optional dependency D:\JavaScript\DishDash-main\DishDash-main\DissDash\node_modules\lightningcss-linux-x64-gnu
85 silly reify mark deleted [
85 silly reify   'D:\\JavaScript\\DishDash-main\\DishDash-main\\DissDash\\node_modules\\lightningcss-linux-x64-gnu'
85 silly reify ]
86 verbose reify failed optional dependency D:\JavaScript\DishDash-main\DishDash-main\DissDash\node_modules\lightningcss-linux-arm64-musl
87 silly reify mark deleted [
87 silly reify   'D:\\JavaScript\\DishDash-main\\DishDash-main\\DissDash\\node_modules\\lightningcss-linux-arm64-musl'
87 silly reify ]
88 verbose reify failed optional dependency D:\JavaScript\DishDash-main\DishDash-main\DissDash\node_modules\lightningcss-linux-arm64-gnu
89 silly reify mark deleted [
89 silly reify   'D:\\JavaScript\\DishDash-main\\DishDash-main\\DissDash\\node_modules\\lightningcss-linux-arm64-gnu'
89 silly reify ]
90 verbose reify failed optional dependency D:\JavaScript\DishDash-main\DishDash-main\DissDash\node_modules\lightningcss-linux-arm-gnueabihf
91 silly reify mark deleted [
91 silly reify   'D:\\JavaScript\\DishDash-main\\DishDash-main\\DissDash\\node_modules\\lightningcss-linux-arm-gnueabihf'
91 silly reify ]
92 verbose reify failed optional dependency D:\JavaScript\DishDash-main\DishDash-main\DissDash\node_modules\lightningcss-freebsd-x64
93 silly reify mark deleted [
93 silly reify   'D:\\JavaScript\\DishDash-main\\DishDash-main\\DissDash\\node_modules\\lightningcss-freebsd-x64'
93 silly reify ]
94 verbose reify failed optional dependency D:\JavaScript\DishDash-main\DishDash-main\DissDash\node_modules\lightningcss-darwin-x64
95 silly reify mark deleted [
95 silly reify   'D:\\JavaScript\\DishDash-main\\DishDash-main\\DissDash\\node_modules\\lightningcss-darwin-x64'
95 silly reify ]
96 verbose reify failed optional dependency D:\JavaScript\DishDash-main\DishDash-main\DissDash\node_modules\lightningcss-darwin-arm64
97 silly reify mark deleted [
97 silly reify   'D:\\JavaScript\\DishDash-main\\DishDash-main\\DissDash\\node_modules\\lightningcss-darwin-arm64'
97 silly reify ]
98 verbose reify failed optional dependency D:\JavaScript\DishDash-main\DishDash-main\DissDash\node_modules\fsevents
99 silly reify mark deleted [
99 silly reify   'D:\\JavaScript\\DishDash-main\\DishDash-main\\DissDash\\node_modules\\fsevents'
99 silly reify ]
100 verbose reify failed optional dependency D:\JavaScript\DishDash-main\DishDash-main\DissDash\node_modules\@tailwindcss\oxide-win32-arm64-msvc
101 silly reify mark deleted [
101 silly reify   'D:\\JavaScript\\DishDash-main\\DishDash-main\\DissDash\\node_modules\\@tailwindcss\\oxide-win32-arm64-msvc'
101 silly reify ]
102 verbose reify failed optional dependency D:\JavaScript\DishDash-main\DishDash-main\DissDash\node_modules\@tailwindcss\oxide-linux-x64-musl
103 silly reify mark deleted [
103 silly reify   'D:\\JavaScript\\DishDash-main\\DishDash-main\\DissDash\\node_modules\\@tailwindcss\\oxide-linux-x64-musl'
103 silly reify ]
104 verbose reify failed optional dependency D:\JavaScript\DishDash-main\DishDash-main\DissDash\node_modules\@tailwindcss\oxide-linux-x64-gnu
105 silly reify mark deleted [
105 silly reify   'D:\\JavaScript\\DishDash-main\\DishDash-main\\DissDash\\node_modules\\@tailwindcss\\oxide-linux-x64-gnu'
105 silly reify ]
106 verbose reify failed optional dependency D:\JavaScript\DishDash-main\DishDash-main\DissDash\node_modules\@tailwindcss\oxide-linux-arm64-musl
107 silly reify mark deleted [
107 silly reify   'D:\\JavaScript\\DishDash-main\\DishDash-main\\DissDash\\node_modules\\@tailwindcss\\oxide-linux-arm64-musl'
107 silly reify ]
108 verbose reify failed optional dependency D:\JavaScript\DishDash-main\DishDash-main\DissDash\node_modules\@tailwindcss\oxide-linux-arm64-gnu
109 silly reify mark deleted [
109 silly reify   'D:\\JavaScript\\DishDash-main\\DishDash-main\\DissDash\\node_modules\\@tailwindcss\\oxide-linux-arm64-gnu'
109 silly reify ]
110 verbose reify failed optional dependency D:\JavaScript\DishDash-main\DishDash-main\DissDash\node_modules\@tailwindcss\oxide-linux-arm-gnueabihf
111 silly reify mark deleted [
111 silly reify   'D:\\JavaScript\\DishDash-main\\DishDash-main\\DissDash\\node_modules\\@tailwindcss\\oxide-linux-arm-gnueabihf'
111 silly reify ]
112 verbose reify failed optional dependency D:\JavaScript\DishDash-main\DishDash-main\DissDash\node_modules\@tailwindcss\oxide-freebsd-x64
113 silly reify mark deleted [
113 silly reify   'D:\\JavaScript\\DishDash-main\\DishDash-main\\DissDash\\node_modules\\@tailwindcss\\oxide-freebsd-x64'
113 silly reify ]
114 verbose reify failed optional dependency D:\JavaScript\DishDash-main\DishDash-main\DissDash\node_modules\@tailwindcss\oxide-darwin-x64
115 silly reify mark deleted [
115 silly reify   'D:\\JavaScript\\DishDash-main\\DishDash-main\\DissDash\\node_modules\\@tailwindcss\\oxide-darwin-x64'
115 silly reify ]
116 verbose reify failed optional dependency D:\JavaScript\DishDash-main\DishDash-main\DissDash\node_modules\@tailwindcss\oxide-darwin-arm64
117 silly reify mark deleted [
117 silly reify   'D:\\JavaScript\\DishDash-main\\DishDash-main\\DissDash\\node_modules\\@tailwindcss\\oxide-darwin-arm64'
117 silly reify ]
118 verbose reify failed optional dependency D:\JavaScript\DishDash-main\DishDash-main\DissDash\node_modules\@tailwindcss\oxide-android-arm64
119 silly reify mark deleted [
119 silly reify   'D:\\JavaScript\\DishDash-main\\DishDash-main\\DissDash\\node_modules\\@tailwindcss\\oxide-android-arm64'
119 silly reify ]
120 verbose reify failed optional dependency D:\JavaScript\DishDash-main\DishDash-main\DissDash\node_modules\@rollup\rollup-win32-ia32-msvc
121 silly reify mark deleted [
121 silly reify   'D:\\JavaScript\\DishDash-main\\DishDash-main\\DissDash\\node_modules\\@rollup\\rollup-win32-ia32-msvc'
121 silly reify ]
122 verbose reify failed optional dependency D:\JavaScript\DishDash-main\DishDash-main\DissDash\node_modules\@rollup\rollup-win32-arm64-msvc
123 silly reify mark deleted [
123 silly reify   'D:\\JavaScript\\DishDash-main\\DishDash-main\\DissDash\\node_modules\\@rollup\\rollup-win32-arm64-msvc'
123 silly reify ]
124 verbose reify failed optional dependency D:\JavaScript\DishDash-main\DishDash-main\DissDash\node_modules\@rollup\rollup-linux-x64-musl
125 silly reify mark deleted [
125 silly reify   'D:\\JavaScript\\DishDash-main\\DishDash-main\\DissDash\\node_modules\\@rollup\\rollup-linux-x64-musl'
125 silly reify ]
126 verbose reify failed optional dependency D:\JavaScript\DishDash-main\DishDash-main\DissDash\node_modules\@rollup\rollup-linux-x64-gnu
127 silly reify mark deleted [
127 silly reify   'D:\\JavaScript\\DishDash-main\\DishDash-main\\DissDash\\node_modules\\@rollup\\rollup-linux-x64-gnu'
127 silly reify ]
128 verbose reify failed optional dependency D:\JavaScript\DishDash-main\DishDash-main\DissDash\node_modules\@rollup\rollup-linux-s390x-gnu
129 silly reify mark deleted [
129 silly reify   'D:\\JavaScript\\DishDash-main\\DishDash-main\\DissDash\\node_modules\\@rollup\\rollup-linux-s390x-gnu'
129 silly reify ]
130 verbose reify failed optional dependency D:\JavaScript\DishDash-main\DishDash-main\DissDash\node_modules\@rollup\rollup-linux-riscv64-musl
131 silly reify mark deleted [
131 silly reify   'D:\\JavaScript\\DishDash-main\\DishDash-main\\DissDash\\node_modules\\@rollup\\rollup-linux-riscv64-musl'
131 silly reify ]
132 verbose reify failed optional dependency D:\JavaScript\DishDash-main\DishDash-main\DissDash\node_modules\@rollup\rollup-linux-riscv64-gnu
133 silly reify mark deleted [
133 silly reify   'D:\\JavaScript\\DishDash-main\\DishDash-main\\DissDash\\node_modules\\@rollup\\rollup-linux-riscv64-gnu'
133 silly reify ]
134 verbose reify failed optional dependency D:\JavaScript\DishDash-main\DishDash-main\DissDash\node_modules\@rollup\rollup-linux-powerpc64le-gnu
135 silly reify mark deleted [
135 silly reify   'D:\\JavaScript\\DishDash-main\\DishDash-main\\DissDash\\node_modules\\@rollup\\rollup-linux-powerpc64le-gnu'
135 silly reify ]
136 verbose reify failed optional dependency D:\JavaScript\DishDash-main\DishDash-main\DissDash\node_modules\@rollup\rollup-linux-loongarch64-gnu
137 silly reify mark deleted [
137 silly reify   'D:\\JavaScript\\DishDash-main\\DishDash-main\\DissDash\\node_modules\\@rollup\\rollup-linux-loongarch64-gnu'
137 silly reify ]
138 verbose reify failed optional dependency D:\JavaScript\DishDash-main\DishDash-main\DissDash\node_modules\@rollup\rollup-linux-arm64-musl
139 silly reify mark deleted [
139 silly reify   'D:\\JavaScript\\DishDash-main\\DishDash-main\\DissDash\\node_modules\\@rollup\\rollup-linux-arm64-musl'
139 silly reify ]
140 verbose reify failed optional dependency D:\JavaScript\DishDash-main\DishDash-main\DissDash\node_modules\@rollup\rollup-linux-arm64-gnu
141 silly reify mark deleted [
141 silly reify   'D:\\JavaScript\\DishDash-main\\DishDash-main\\DissDash\\node_modules\\@rollup\\rollup-linux-arm64-gnu'
141 silly reify ]
142 verbose reify failed optional dependency D:\JavaScript\DishDash-main\DishDash-main\DissDash\node_modules\@rollup\rollup-linux-arm-musleabihf
143 silly reify mark deleted [
143 silly reify   'D:\\JavaScript\\DishDash-main\\DishDash-main\\DissDash\\node_modules\\@rollup\\rollup-linux-arm-musleabihf'
143 silly reify ]
144 verbose reify failed optional dependency D:\JavaScript\DishDash-main\DishDash-main\DissDash\node_modules\@rollup\rollup-linux-arm-gnueabihf
145 silly reify mark deleted [
145 silly reify   'D:\\JavaScript\\DishDash-main\\DishDash-main\\DissDash\\node_modules\\@rollup\\rollup-linux-arm-gnueabihf'
145 silly reify ]
146 verbose reify failed optional dependency D:\JavaScript\DishDash-main\DishDash-main\DissDash\node_modules\@rollup\rollup-freebsd-x64
147 silly reify mark deleted [
147 silly reify   'D:\\JavaScript\\DishDash-main\\DishDash-main\\DissDash\\node_modules\\@rollup\\rollup-freebsd-x64'
147 silly reify ]
148 verbose reify failed optional dependency D:\JavaScript\DishDash-main\DishDash-main\DissDash\node_modules\@rollup\rollup-freebsd-arm64
149 silly reify mark deleted [
149 silly reify   'D:\\JavaScript\\DishDash-main\\DishDash-main\\DissDash\\node_modules\\@rollup\\rollup-freebsd-arm64'
149 silly reify ]
150 verbose reify failed optional dependency D:\JavaScript\DishDash-main\DishDash-main\DissDash\node_modules\@rollup\rollup-darwin-x64
151 silly reify mark deleted [
151 silly reify   'D:\\JavaScript\\DishDash-main\\DishDash-main\\DissDash\\node_modules\\@rollup\\rollup-darwin-x64'
151 silly reify ]
152 verbose reify failed optional dependency D:\JavaScript\DishDash-main\DishDash-main\DissDash\node_modules\@rollup\rollup-darwin-arm64
153 silly reify mark deleted [
153 silly reify   'D:\\JavaScript\\DishDash-main\\DishDash-main\\DissDash\\node_modules\\@rollup\\rollup-darwin-arm64'
153 silly reify ]
154 verbose reify failed optional dependency D:\JavaScript\DishDash-main\DishDash-main\DissDash\node_modules\@rollup\rollup-android-arm64
155 silly reify mark deleted [
155 silly reify   'D:\\JavaScript\\DishDash-main\\DishDash-main\\DissDash\\node_modules\\@rollup\\rollup-android-arm64'
155 silly reify ]
156 verbose reify failed optional dependency D:\JavaScript\DishDash-main\DishDash-main\DissDash\node_modules\@rollup\rollup-android-arm-eabi
157 silly reify mark deleted [
157 silly reify   'D:\\JavaScript\\DishDash-main\\DishDash-main\\DissDash\\node_modules\\@rollup\\rollup-android-arm-eabi'
157 silly reify ]
158 verbose reify failed optional dependency D:\JavaScript\DishDash-main\DishDash-main\DissDash\node_modules\@esbuild\win32-ia32
159 silly reify mark deleted [
159 silly reify   'D:\\JavaScript\\DishDash-main\\DishDash-main\\DissDash\\node_modules\\@esbuild\\win32-ia32'
159 silly reify ]
160 verbose reify failed optional dependency D:\JavaScript\DishDash-main\DishDash-main\DissDash\node_modules\@esbuild\win32-arm64
161 silly reify mark deleted [
161 silly reify   'D:\\JavaScript\\DishDash-main\\DishDash-main\\DissDash\\node_modules\\@esbuild\\win32-arm64'
161 silly reify ]
162 verbose reify failed optional dependency D:\JavaScript\DishDash-main\DishDash-main\DissDash\node_modules\@esbuild\sunos-x64
163 silly reify mark deleted [
163 silly reify   'D:\\JavaScript\\DishDash-main\\DishDash-main\\DissDash\\node_modules\\@esbuild\\sunos-x64'
163 silly reify ]
164 verbose reify failed optional dependency D:\JavaScript\DishDash-main\DishDash-main\DissDash\node_modules\@esbuild\openbsd-x64
165 silly reify mark deleted [
165 silly reify   'D:\\JavaScript\\DishDash-main\\DishDash-main\\DissDash\\node_modules\\@esbuild\\openbsd-x64'
165 silly reify ]
166 verbose reify failed optional dependency D:\JavaScript\DishDash-main\DishDash-main\DissDash\node_modules\@esbuild\openbsd-arm64
167 silly reify mark deleted [
167 silly reify   'D:\\JavaScript\\DishDash-main\\DishDash-main\\DissDash\\node_modules\\@esbuild\\openbsd-arm64'
167 silly reify ]
168 verbose reify failed optional dependency D:\JavaScript\DishDash-main\DishDash-main\DissDash\node_modules\@esbuild\netbsd-x64
169 silly reify mark deleted [
169 silly reify   'D:\\JavaScript\\DishDash-main\\DishDash-main\\DissDash\\node_modules\\@esbuild\\netbsd-x64'
169 silly reify ]
170 verbose reify failed optional dependency D:\JavaScript\DishDash-main\DishDash-main\DissDash\node_modules\@esbuild\netbsd-arm64
171 silly reify mark deleted [
171 silly reify   'D:\\JavaScript\\DishDash-main\\DishDash-main\\DissDash\\node_modules\\@esbuild\\netbsd-arm64'
171 silly reify ]
172 verbose reify failed optional dependency D:\JavaScript\DishDash-main\DishDash-main\DissDash\node_modules\@esbuild\linux-x64
173 silly reify mark deleted [
173 silly reify   'D:\\JavaScript\\DishDash-main\\DishDash-main\\DissDash\\node_modules\\@esbuild\\linux-x64'
173 silly reify ]
174 verbose reify failed optional dependency D:\JavaScript\DishDash-main\DishDash-main\DissDash\node_modules\@esbuild\linux-s390x
175 silly reify mark deleted [
175 silly reify   'D:\\JavaScript\\DishDash-main\\DishDash-main\\DissDash\\node_modules\\@esbuild\\linux-s390x'
175 silly reify ]
176 verbose reify failed optional dependency D:\JavaScript\DishDash-main\DishDash-main\DissDash\node_modules\@esbuild\linux-riscv64
177 silly reify mark deleted [
177 silly reify   'D:\\JavaScript\\DishDash-main\\DishDash-main\\DissDash\\node_modules\\@esbuild\\linux-riscv64'
177 silly reify ]
178 verbose reify failed optional dependency D:\JavaScript\DishDash-main\DishDash-main\DissDash\node_modules\@esbuild\linux-ppc64
179 silly reify mark deleted [
179 silly reify   'D:\\JavaScript\\DishDash-main\\DishDash-main\\DissDash\\node_modules\\@esbuild\\linux-ppc64'
179 silly reify ]
180 verbose reify failed optional dependency D:\JavaScript\DishDash-main\DishDash-main\DissDash\node_modules\@esbuild\linux-mips64el
181 silly reify mark deleted [
181 silly reify   'D:\\JavaScript\\DishDash-main\\DishDash-main\\DissDash\\node_modules\\@esbuild\\linux-mips64el'
181 silly reify ]
182 verbose reify failed optional dependency D:\JavaScript\DishDash-main\DishDash-main\DissDash\node_modules\@esbuild\linux-loong64
183 silly reify mark deleted [
183 silly reify   'D:\\JavaScript\\DishDash-main\\DishDash-main\\DissDash\\node_modules\\@esbuild\\linux-loong64'
183 silly reify ]
184 verbose reify failed optional dependency D:\JavaScript\DishDash-main\DishDash-main\DissDash\node_modules\@esbuild\linux-ia32
185 silly reify mark deleted [
185 silly reify   'D:\\JavaScript\\DishDash-main\\DishDash-main\\DissDash\\node_modules\\@esbuild\\linux-ia32'
185 silly reify ]
186 verbose reify failed optional dependency D:\JavaScript\DishDash-main\DishDash-main\DissDash\node_modules\@esbuild\linux-arm64
187 silly reify mark deleted [
187 silly reify   'D:\\JavaScript\\DishDash-main\\DishDash-main\\DissDash\\node_modules\\@esbuild\\linux-arm64'
187 silly reify ]
188 verbose reify failed optional dependency D:\JavaScript\DishDash-main\DishDash-main\DissDash\node_modules\@esbuild\linux-arm
189 silly reify mark deleted [
189 silly reify   'D:\\JavaScript\\DishDash-main\\DishDash-main\\DissDash\\node_modules\\@esbuild\\linux-arm'
189 silly reify ]
190 verbose reify failed optional dependency D:\JavaScript\DishDash-main\DishDash-main\DissDash\node_modules\@esbuild\freebsd-x64
191 silly reify mark deleted [
191 silly reify   'D:\\JavaScript\\DishDash-main\\DishDash-main\\DissDash\\node_modules\\@esbuild\\freebsd-x64'
191 silly reify ]
192 verbose reify failed optional dependency D:\JavaScript\DishDash-main\DishDash-main\DissDash\node_modules\@esbuild\freebsd-arm64
193 silly reify mark deleted [
193 silly reify   'D:\\JavaScript\\DishDash-main\\DishDash-main\\DissDash\\node_modules\\@esbuild\\freebsd-arm64'
193 silly reify ]
194 verbose reify failed optional dependency D:\JavaScript\DishDash-main\DishDash-main\DissDash\node_modules\@esbuild\darwin-x64
195 silly reify mark deleted [
195 silly reify   'D:\\JavaScript\\DishDash-main\\DishDash-main\\DissDash\\node_modules\\@esbuild\\darwin-x64'
195 silly reify ]
196 verbose reify failed optional dependency D:\JavaScript\DishDash-main\DishDash-main\DissDash\node_modules\@esbuild\darwin-arm64
197 silly reify mark deleted [
197 silly reify   'D:\\JavaScript\\DishDash-main\\DishDash-main\\DissDash\\node_modules\\@esbuild\\darwin-arm64'
197 silly reify ]
198 verbose reify failed optional dependency D:\JavaScript\DishDash-main\DishDash-main\DissDash\node_modules\@esbuild\android-x64
199 silly reify mark deleted [
199 silly reify   'D:\\JavaScript\\DishDash-main\\DishDash-main\\DissDash\\node_modules\\@esbuild\\android-x64'
199 silly reify ]
200 verbose reify failed optional dependency D:\JavaScript\DishDash-main\DishDash-main\DissDash\node_modules\@esbuild\android-arm64
201 silly reify mark deleted [
201 silly reify   'D:\\JavaScript\\DishDash-main\\DishDash-main\\DissDash\\node_modules\\@esbuild\\android-arm64'
201 silly reify ]
202 verbose reify failed optional dependency D:\JavaScript\DishDash-main\DishDash-main\DissDash\node_modules\@esbuild\android-arm
203 silly reify mark deleted [
203 silly reify   'D:\\JavaScript\\DishDash-main\\DishDash-main\\DissDash\\node_modules\\@esbuild\\android-arm'
203 silly reify ]
204 verbose reify failed optional dependency D:\JavaScript\DishDash-main\DishDash-main\DissDash\node_modules\@esbuild\aix-ppc64
205 silly reify mark deleted [
205 silly reify   'D:\\JavaScript\\DishDash-main\\DishDash-main\\DissDash\\node_modules\\@esbuild\\aix-ppc64'
205 silly reify ]
206 silly tarball no local data for use-sync-external-store@https://registry.npmjs.org/use-sync-external-store/-/use-sync-external-store-1.5.0.tgz. Extracting by manifest.
207 silly tarball no local data for swr@https://registry.npmjs.org/swr/-/swr-2.3.3.tgz. Extracting by manifest.
208 silly tarball no local data for dequal@https://registry.npmjs.org/dequal/-/dequal-2.0.3.tgz. Extracting by manifest.
209 silly tarball no local data for std-env@https://registry.npmjs.org/std-env/-/std-env-3.9.0.tgz. Extracting by manifest.
210 silly tarball no local data for js-cookie@https://registry.npmjs.org/js-cookie/-/js-cookie-3.0.5.tgz. Extracting by manifest.
211 silly tarball no local data for glob-to-regexp@https://registry.npmjs.org/glob-to-regexp/-/glob-to-regexp-0.4.1.tgz. Extracting by manifest.
212 silly tarball no local data for tslib@https://registry.npmjs.org/tslib/-/tslib-2.8.1.tgz. Extracting by manifest.
213 silly tarball no local data for @clerk/shared@https://registry.npmjs.org/@clerk/shared/-/shared-3.7.2.tgz. Extracting by manifest.
214 silly tarball no local data for @clerk/types@https://registry.npmjs.org/@clerk/types/-/types-4.54.2.tgz. Extracting by manifest.
215 silly tarball no local data for @clerk/clerk-react@https://registry.npmjs.org/@clerk/clerk-react/-/clerk-react-5.28.2.tgz. Extracting by manifest.
216 http fetch GET 200 https://registry.npmjs.org/use-sync-external-store/-/use-sync-external-store-1.5.0.tgz 92ms (cache miss)
217 http fetch GET 200 https://registry.npmjs.org/dequal/-/dequal-2.0.3.tgz 118ms (cache miss)
218 http fetch GET 200 https://registry.npmjs.org/std-env/-/std-env-3.9.0.tgz 119ms (cache miss)
219 http fetch GET 200 https://registry.npmjs.org/glob-to-regexp/-/glob-to-regexp-0.4.1.tgz 187ms (cache miss)
220 http fetch GET 200 https://registry.npmjs.org/js-cookie/-/js-cookie-3.0.5.tgz 204ms (cache miss)
221 http fetch GET 200 https://registry.npmjs.org/swr/-/swr-2.3.3.tgz 224ms (cache miss)
222 http fetch GET 200 https://registry.npmjs.org/tslib/-/tslib-2.8.1.tgz 222ms (cache miss)
223 http fetch GET 200 https://registry.npmjs.org/@clerk/types/-/types-4.54.2.tgz 248ms (cache miss)
224 http fetch GET 200 https://registry.npmjs.org/@clerk/clerk-react/-/clerk-react-5.28.2.tgz 272ms (cache miss)
225 http fetch POST 200 https://registry.npmjs.org/-/npm/v1/security/advisories/bulk 385ms
226 silly audit report {}
227 http fetch GET 200 https://registry.npmjs.org/@clerk/shared/-/shared-3.7.2.tgz 803ms (cache miss)
228 info run @clerk/shared@3.7.2 postinstall node_modules/@clerk/shared node ./scripts/postinstall.mjs
229 info run @clerk/shared@3.7.2 postinstall { code: 0, signal: null }
230 silly ADD node_modules/use-sync-external-store
231 silly ADD node_modules/swr
232 silly ADD node_modules/std-env
233 silly ADD node_modules/js-cookie
234 silly ADD node_modules/glob-to-regexp
235 silly ADD node_modules/dequal
236 silly ADD node_modules/tslib
237 silly ADD node_modules/@clerk/types
238 silly ADD node_modules/@clerk/shared
239 silly ADD node_modules/@clerk/clerk-react
240 silly ADD
241 silly ADD
242 silly ADD
243 silly ADD
244 silly ADD
245 silly ADD
246 silly ADD
247 silly ADD
248 silly ADD
249 silly ADD
250 silly ADD
251 silly ADD
252 silly ADD
253 silly ADD
254 silly ADD
255 silly ADD
256 silly ADD
257 silly ADD
258 silly ADD
259 silly ADD
260 silly ADD
261 silly ADD
262 silly ADD
263 silly ADD
264 silly ADD
265 silly ADD
266 silly ADD
267 silly ADD
268 silly ADD
269 silly ADD
270 silly ADD
271 silly ADD
272 silly ADD
273 silly ADD
274 silly ADD
275 silly ADD
276 silly ADD
277 silly ADD
278 silly ADD
279 silly ADD
280 silly ADD
281 silly ADD
282 silly ADD
283 silly ADD
284 silly ADD
285 silly ADD
286 silly ADD
287 silly ADD
288 silly ADD
289 silly ADD
290 silly ADD
291 silly ADD
292 silly ADD
293 silly ADD
294 silly ADD
295 silly ADD
296 silly ADD
297 silly ADD
298 silly ADD
299 silly ADD
300 silly ADD
301 silly ADD
302 silly ADD
303 silly ADD
304 verbose cwd D:\JavaScript\DishDash-main\DishDash-main\DissDash
305 verbose os Windows_NT 10.0.22631
306 verbose node v22.12.0
307 verbose npm  v10.9.0
308 verbose exit 0
309 info ok
